CEF:0|YourCompany|modul26|1.0|1001|LOGIN_ATTEMPT|8|country=UNKNOWN city=UNKNOWN isSuspicious=true ip=0:0:0:0:0:0:0:1 eventType=LOGIN_ATTEMPT userId=16 device=PostmanRuntime/7.37.3
CEF:0|YourCompany|modul26|1.0|1001|LOGIN_ATTEMPT|8|country=UNKNOWN city=UNKNOWN isSuspicious=true ip=0:0:0:0:0:0:0:1 eventType=LOGIN_ATTEMPT userId=16 device=PostmanRuntime/7.37.3
CEF:0|YourCompany|modul26|1.0|1001|LOGIN_ATTEMPT|8|country=UNKNOWN city=UNKNOWN isSuspicious=true ip=0:0:0:0:0:0:0:1 eventType=LOGIN_ATTEMPT userId=16 device=PostmanRuntime/7.37.3
CEF:0|YourCompany|modul26|1.0|1001|LOGIN_ATTEMPT|8|country=UNKNOWN city=UNKNOWN isSuspicious=true ip=0:0:0:0:0:0:0:1 eventType=LOGIN_ATTEMPT userId=12 device=PostmanRuntime/7.37.3
CEF:0|YourCompany|modul26|1.0|1001|LOGIN_ATTEMPT|8|country=UNKNOWN city=UNKNOWN isSuspicious=true ip=0:0:0:0:0:0:0:1 eventType=LOGIN_ATTEMPT userId=12 device=PostmanRuntime/7.37.3
CEF:0|YourCompany|modul26|1.0|1001|LOGIN_ATTEMPT|8|country=UNKNOWN city=UNKNOWN isSuspicious=true ip=0:0:0:0:0:0:0:1 eventType=LOGIN_ATTEMPT userId=12 device=PostmanRuntime/7.37.3
CEF:0|YourCompany|modul26|1.0|1001|LOGIN_ATTEMPT|8|country=UNKNOWN city=UNKNOWN isSuspicious=true ip=0:0:0:0:0:0:0:1 eventType=LOGIN_ATTEMPT userId=12 device=PostmanRuntime/7.37.3
CEF:0|YourCompany|modul26|1.0|1001|LOGIN_ATTEMPT|8|country=UNKNOWN city=UNKNOWN isSuspicious=true ip=0:0:0:0:0:0:0:1 eventType=LOGIN_ATTEMPT userId=12 device=PostmanRuntime/7.37.3
CEF:0|YourCompany|modul26|1.0|1001|piga|8|biometry=false country=USA city=Moscow isSuspicious=true ip=127.0**.***.1 eventType=piga userId=31 device=iPhone11,3 iOS/17.4
CEF:0|YourCompany|modul26|1.0|1001|piga|8|biometry=false country=USA city=Moscow isSuspicious=true ip=127.0**.***.1 eventType=piga userId=31 device=iPhone11,3 iOS/17.4
CEF:0|YourCompany|modul26|1.0|1001|piga|8|biometry=false country=RUS city=Moscow isSuspicious=true ip=127.0**.***.1 eventType=piga userId=31 device=iPhone1`,3 iOS/17.4
CEF:0|YourCompany|modul26|1.0|1001|piga|8|biometry=true country=RUS city=Moscow isSuspicious=true ip=127.0**.***.1 eventType=piga userId=31 device=iPhone11`,3 iOS/17.4
CEF:0|YourCompany|modul26|1.0|1001|piga|8|biometry=true country=USA city=Moscow isSuspicious=true ip=127.0**.***.1 eventType=piga userId=31 device=iPhone11,3 iOS/17.4
CEF:0|YourCompany|modul26|1.0|1001|piga|8|biometry=true country=USA city=Moscow isSuspicious=true ip=127.0**.***.1 eventType=piga userId=31 device=iPhone11,3 iOS/17.4
CEF:0|YourCompany|modul26|1.0|1001|piga|8|biometry=true country=USA city=Moscow isSuspicious=true ip=127.0**.***.1 eventType=piga userId=31 device=iPhone11,3 iOS/17.4
CEF:0|YourCompany|modul26|1.0|1001|piga|8|biometry=false country=RUS city=Moscow isSuspicious=true ip=127.0**.***.2 eventType=piga userId=31 device=iPhone11,3 iOS/17.4
CEF:0|YourCompany|modul26|1.0|1001|piga|8|biometry=false country=RUS city=Moscow isSuspicious=true ip=127.0**.***.2 eventType=piga userId=31
CEF:0|YourCompany|modul26|1.0|1001|piga|8|biometry=false country=RUS device_info=iPhone21,3 iOS/17.4 city=Moscow isSuspicious=true ip=127.0**.***.2 eventType=piga userId=31
CEF:0|YourCompany|modul26|1.0|1001|piga|8|biometry=false country=RUS device_info=iPhone22,3 iOS/17.4 city=Moscow isSuspicious=true ip=127.0**.***.2 eventType=piga userId=31
CEF:0|YourCompany|modul26|1.0|1001|piga|8|biometry=false country=ger device_info=iPhone22,3 iOS/17.4 city=Moscow isSuspicious=true ip=127.0**.***.2 eventType=piga userId=31
CEF:0|YourCompany|modul26|1.0|1001|piga|8|biometry=false country=ger device_info=iPhone22,3 iOS/17.4 city=Moscow isSuspicious=true ip=127.0**.***.6 eventType=piga userId=31
CEF:0|YourCompany|modul26|1.0|1001|piga|8|biometry=true country=ger device_info=iPhone22,3 iOS/17.4 city=Moscow isSuspicious=true ip=127.0**.***.6 eventType=piga userId=32
CEF:0|YourCompany|modul26|1.0|1001|piga|8|biometry=true country=ger device_info=iPhone12,3 iOS/17.4 city=Moscow isSuspicious=true ip=127.0**.***.6 eventType=piga userId=32
CEF:0|YourCompany|modul26|1.0|1001|piga|8|biometry=true country=ger device_info=iPhone12,3 iOS/17.4 city=vlad isSuspicious=true ip=127.0**.***.6 eventType=piga userId=32
CEF:0|YourCompany|modul26|1.0|1001|piga|8|biometry=true country=ger device_info=ios|mac city=vlad isSuspicious=true ip=127.0**.***.6 eventType=piga userId=32
CEF:0|YourCompany|modul26|1.0|1001|piga|8|biometry=true country=ger device_info=iPhone12,3 iOS/17.4 city=vla isSuspicious=true ip=127.0**.***.6 eventType=piga userId=32
CEF:0|YourCompany|modul26|1.0|1001|piga|8|biometry=true country=ger device_info=iPhone12,3 iOS/17.4 city=vцla isSuspicious=true ip=127.0**.***.6 eventType=piga userId=32
CEF:0|YourCompany|modul26|1.0|1001|piga|8|biometry=true country=ger device_info=iPhone12,3 iOS/17.4 city=vцla isSuspicious=true ip=127.0**.***.6 eventType=piga userId=32
CEF:0|YourCompany|modul26|1.0|1001|piga|8|biometry=true country=ger device_info=iPhone12,3 iOS/17.4 city=vцla isSuspicious=true ip=127.0**.***.6 eventType=piga userId=32
CEF:0|YourCompany|modul26|1.0|1001|piga|8|biometry=true country=ger device_info=iPhone12,3 iOS/17.4 city=vцla isSuspicious=true ip=127.0**.***.6 eventType=piga userId=32
CEF:0|YourCompany|modul26|1.0|1001|piga|8|biometry=true country=ger device_info=iPhone12,3 iOS/17.4 city=vцla isSuspicious=true ip=127.0**.***.6 eventType=piga userId=32
CEF:0|YourCompany|modul26|1.0|1001|LOGIN_ATTEMPT|8|country=UNKNOWN device_info=PostmanRuntime/7.37.3 city=UNKNOWN isSuspicious=true ip=0:0:0:0:0:0:0:1 eventType=LOGIN_ATTEMPT userId=33
CEF:0|YourCompany|modul26|1.0|1001|piga|8|biometry=true country=ger device_info=iPhone12,3 iOS/17.4 city=vцla isSuspicious=true ip=127.0**.***.6 eventType=piga userId=33
CEF:0|YourCompany|modul26|1.0|1001|piga|8|biometry=true country=ger device_info=iPhone12,3 iOS/17.4 city=vцla isSuspicious=true ip=127.0**.***.6 eventType=piga userId=33
CEF:0|YourCompany|modul26|1.0|1001|piga|8|biometry=true country=ger device_info=iPhone12,3 iOS/17.4 city=vla isSuspicious=true ip=127.0**.***.6 eventType=piga userId=33
CEF:0|YourCompany|modul26|1.0|1001|LOGIN_ATTEMPT|8|country=UNKNOWN device_info=PostmanRuntime/7.37.3 city=UNKNOWN isSuspicious=true ip=0:0:0:0:0:0:0:1 eventType=LOGIN_ATTEMPT userId=34
CEF:0|YourCompany|modul26|1.0|1001|piga|8|biometry=true country=ger device_info=iPhone12,3 iOS/17.4 city=vla isSuspicious=true ip=127.0**.***.6 eventType=piga userId=34
CEF:0|YourCompany|modul26|1.0|1001|piga|8|biometry=true country=ger device_info=iPhone12,3 iOS/17.4 city=vla isSuspicious=true ip=127.0**.***.6 eventType=piga userId=34
CEF:0|YourCompany|modul26|1.0|1001|piga|8|biometry=true country=ger device_info=iPhone12,3 iOS/17.4 city=vla isSuspicious=true ip=127.0**.***.6 eventType=piga userId=34
CEF:0|YourCompany|modul26|1.0|1001|piga|8|biometry=true country=ger device_info=iPhone12,3 iOS/17.4 city=vla isSuspicious=true ip=127.0**.***.6 eventType=piga userId=34
CEF:0|YourCompany|modul26|1.0|1001|piga|8|biometry=true country=ger device_info=iPhone12,3 iOS/17.4 city=vla isSuspicious=true ip=127.0**.***.6 eventType=piga userId=34
CEF:0|YourCompany|modul26|1.0|1001|piga|8|biometry=true country=ger device_info=iPhone12,3 iOS/17.4 city=vla isSuspicious=true ip=127.000.6 eventType=piga userId=34
CEF:0|YourCompany|modul26|1.0|1001|piga|8|biometry=true country=ger device_info=iPhone12,3 iOS/17.4 city=vla isSuspicious=true ip=127.000.6 eventType=piga userId=34
CEF:0|YourCompany|modul26|1.0|1001|piga|8|biometry=true country=ger device_info=iPhone12,3 iOS/17.4 city=vla isSuspicious=true ip=127.000.6 eventType=piga userId=34
CEF:0|YourCompany|modul26|1.0|1001|piga|8|biometry=true country=ger device_info=iPhone12,3 iOS/17.4 city=vlaa isSuspicious=true ip=127.000.6 eventType=piga userId=34
CEF:0|YourCompany|modul26|1.0|1001|piga|8|biometry=true country=gaer device_info=iPhone12,3 iOS/17.4 city=vlaa isSuspicious=true ip=127.000.6 eventType=piga userId=34
CEF:0|YourCompany|modul26|1.0|1001|LOGIN_ATTEMPT|8|country=UNKNOWN device_info=PostmanRuntime/7.37.3 city=UNKNOWN isSuspicious=true ip=0:0:0:0:0:0:0:1 eventType=LOGIN_ATTEMPT userId=35
CEF:0|YourCompany|modul26|1.0|1001|piga|8|biometry=true country=gaer device_info=iPhone12,3 iOS/17.4 city=vlaa isSuspicious=true ip=127.000.6 eventType=piga userId=35
CEF:0|YourCompany|modul26|1.0|1001|piga|8|biometry=false country=gaer device_info=iPhone12,3 iOS/17.4 city=vlaa isSuspicious=true ip=127.000.6 eventType=piga userId=35
CEF:0|YourCompany|modul26|1.0|1001|LOGIN_ATTEMPT|8|country=UNKNOWN device_info=PostmanRuntime/7.37.3 city=UNKNOWN isSuspicious=true ip=0:0:0:0:0:0:0:1 eventType=LOGIN_ATTEMPT userId=36
CEF:0|YourCompany|modul26|1.0|1001|piga|8|biometry=true country=gaer device_info=iPhone12,3 iOS/17.4 city=vlaa isSuspicious=true ip=127.000.6 eventType=piga userId=36
CEF:0|YourCompany|modul26|1.0|1001|LOGIN|8|biometry=false country=gaer device_info=iPhone12,3 iOS/17.4 city=vlaa isSuspicious=true ip=127.000.6 eventType=LOGIN userId=36
CEF:0|YourCompany|modul26|1.0|1001|LOGIN|8|biometry=false country=gaer device_info=iPhone12,3 iOS/17.4 city=vlaa isSuspicious=true ip=127.000.6 eventType=LOGIN userId=36
CEF:0|YourCompany|modul26|1.0|1001|LOGIN|8|biometry=false country=gaer device_info=iPhone12,3 iOS/17.4 city=vlaa isSuspicious=true ip=127.***.***.6 eventType=LOGIN userId=36
CEF:0|YourCompany|modul26|1.0|1001|LOGIN_ATTEMPT|8|country=UNKNOWN device_info=PostmanRuntime/7.37.3 city=UNKNOWN isSuspicious=true ip=0:0:0:0:0:0:0:1 eventType=LOGIN_ATTEMPT userId=40 email=4*******a@mail.com
CEF:0|YourCompany|modul26|1.0|1001|LOGIN_ATTEMPT|8|country=UNKNOWN device_info=PostmanRuntime/7.37.3 city=UNKNOWN isSuspicious=true ip=0:0:0:0:0:0:0:1 eventType=LOGIN_ATTEMPT userId=40
CEF:0|YourCompany|modul26|1.0|1001|LOGIN_ATTEMPT|8|country=UNKNOWN device_info=PostmanRuntime/7.37.3 city=UNKNOWN isSuspicious=true ip=0:0:0:0:0:0:0:1 eventType=LOGIN_ATTEMPT userId=40
CEF:0|YourCompany|modul26|1.0|1001|LOGIN_ATTEMPT|8|country=UNKNOWN device_info=PostmanRuntime/7.37.3 city=UNKNOWN isSuspicious=true ip=0:0:0:0:0:0:0:1 eventType=LOGIN_ATTEMPT userId=40
CEF:0|YourCompany|modul26|1.0|1001|LOGIN_ATTEMPT|8|country=UNKNOWN device_info=PostmanRuntime/7.37.3 city=UNKNOWN isSuspicious=true ip=0:0:0:0:0:0:0:1 eventType=LOGIN_ATTEMPT userId=39
CEF:0|YourCompany|modul26|1.0|1001|LOGIN_ATTEMPT|8|country=UNKNOWN device_info=PostmanRuntime/7.37.3 city=UNKNOWN isSuspicious=true ip=0:0:0:0:0:0:0:1 eventType=LOGIN_ATTEMPT userId=39
CEF:0|YourCompany|modul26|1.0|1001|LOGIN_ATTEMPT|8|country=UNKNOWN device_info=PostmanRuntime/7.37.3 city=UNKNOWN isSuspicious=true ip=0:0:0:0:0:0:0:1 eventType=LOGIN_ATTEMPT userId=39
CEF:0|YourCompany|modul26|1.0|1001|LOGIN_ATTEMPT|8|country=UNKNOWN device_info=PostmanRuntime/7.37.3 city=UNKNOWN isSuspicious=true ip=0:0:0:0:0:0:0:1 eventType=LOGIN_ATTEMPT userId=39
CEF:0|YourCompany|modul26|1.0|1001|LOGIN|8|biometry=false country=gaer device_info=iPhone12,3 iOS/17.4 city=vlaa isSuspicious=true ip=127.0**.***.6 eventType=LOGIN userId=39
CEF:0|YourCompany|modul26|1.0|1001|LOGIN|8|biometry=false country=gaer device_info=iPhone12,3 iOS/17.4 city=vlaa isSuspicious=true ip=127.0**.***.6 eventType=LOGIN userId=39
CEF:0|YourCompany|modul26|1.0|1001|LOGIN|8|biometry=false country=gaer device_info=iPhone12,3 iOS/17.4 city=vlaa isSuspicious=true ip=127.0**.***.6 eventType=LOGIN userId=39
CEF:0|YourCompany|modul26|1.0|1001|LOGIN|8|biometry=true country=gaer device_info=iPhone12,3 iOS/17.4 city=vla isSuspicious=true ip=127.0**.***.6 eventType=LOGIN userId=39
CEF:0|YourCompany|modul26|1.0|1001|LOGIN|8|biometry=true country=gaer device_info=iPhone12,3 iOS/17.4 city=vl4a isSuspicious=true ip=127.0**.***.6 eventType=LOGIN userId=39
CEF:0|YourCompany|modul26|1.0|1001|LOGIN|8|biometry=true country=gaer device_info=iPhone12,3 iOS/17.4 city=vl4a isSuspicious=true ip=127.0**.***.1 eventType=LOGIN userId=39
CEF:0|YourCompany|modul26|1.0|1001|LOGIN|8|biometry=false country=gaer device_info=iPhone12,3 iOS/17.4 city=vl4a isSuspicious=true ip=127.0**.***.1 eventType=LOGIN userId=39
CEF:0|YourCompany|modul26|1.0|1001|LOGIN|8|biometry=false country=gaer device_info=iPhone12,3 iOS/17.4 city=vl4a isSuspicious=true ip=127.0**.***.1 eventType=LOGIN userId=39
CEF:0|YourCompany|modul26|1.0|1001|LOGIN|8|biometry=false country=gaer device_info=iPhone12,3 iOS/17.4 city=vl4a isSuspicious=true ip=127.0**.***.1 eventType=LOGIN userId=39
CEF:0|YourCompany|modul26|1.0|1001|LOGIN|8|biometry=false country=gaer device_info=iPhone12,3 iOS/17.4 city=vl4a isSuspicious=true ip=127.0**.***.1 eventType=LOGIN userId=6
CEF:0|YourCompany|modul26|1.0|1001|LOGIN|8|biometry=false country=gaer device_info=iPhone12,3 iOS/17.4 city=vl4a isSuspicious=true ip=127.0**.***.1 eventType=LOGIN userId=6
CEF:0|YourCompany|modul26|1.0|1001|LOGODUT|8|biometry=false country=gaSer device_info=iPhone12,3 iOS/17.4 city=vl4a isSuspicious=true ip=127.0**.***.1 eventType=LOGODUT userId=6
CEF:0|YourCompany|modul26|1.0|1001|LOGIN_ATTEMPT|8|country=UNKNOWN device_info=PostmanRuntime/7.37.3 city=UNKNOWN isSuspicious=true ip=0:0:0:0:0:0:0:1 eventType=LOGIN_ATTEMPT userId=null
CEF:0|YourCompany|modul26|1.0|1001|LOGIN_ATTEMPT|8|country=UNKNOWN device_info=PostmanRuntime/7.37.3 city=UNKNOWN isSuspicious=true ip=0:0:0:0:0:0:0:1 eventType=LOGIN_ATTEMPT userId=46
CEF:0|YourCompany|modul26|1.0|1001|LOGIN_ATTEMPT|8|biometry=false country=UNKNOWN device_info=PostmanRuntime/7.37.3 city=UNKNOWN isSuspicious=true ip=0:0:0:0:0:0:0:1 eventType=LOGIN_ATTEMPT userId=47
CEF:0|YourCompany|modul26|1.0|1001|LOGOцUT|8|country=gaSer device_info=iPhone12,3 iOS/17.4 city=vl4a isSuspicious=true ip=127.0**.***.1 eventType=LOGOцUT userId=47
CEF:0|YourCompany|modul26|1.0|1001|LOGOцUT|8|country=gaSer device_info=iPhone12,3 iOS/17.4 city=vl4a isSuspicious=true ip=127.0**.***.2 eventType=LOGOцUT userId=47
CEF:0|YourCompany|modul26|1.0|1001|PASSWORD_CHANGE|8|country=UNKNOWN device_info=PostmanRuntime/7.37.3 city=UNKNOWN isSuspicious=true ip=0:0:0:0:0:0:0:1 eventType=PASSWORD_CHANGE userId=47
CEF:0|YourCompany|modul26|1.0|1001|LOGIN_ATTEMPT|8|biometry=false country=UNKNOWN device_info=PostmanRuntime/7.37.3 city=UNKNOWN isSuspicious=true ip=0:0:0:0:0:0:0:1 eventType=LOGIN_ATTEMPT userId=47
CEF:0|YourCompany|modul26|1.0|1001|LOGIN_ATTEMPT|8|biometry=false country=UNKNOWN device_info=PostmanRuntime/7.37.3 city=UNKNOWN isSuspicious=true ip=0:0:0:0:0:0:0:1 eventType=LOGIN_ATTEMPT userId=48
CEF:0|YourCompany|modul26|1.0|1001|LOGIN_ATTEMPT|8|biometry=false country=UNKNOWN device_info=PostmanRuntime/7.37.3 city=UNKNOWN isSuspicious=true ip=0:0:0:0:0:0:0:1 eventType=LOGIN_ATTEMPT userId=48
CEF:0|YourCompany|modul26|1.0|1001|LOGIN_ATTEMPT|8|biometry=false country=UNKNOWN device_info=PostmanRuntime/7.37.3 city=UNKNOWN isSuspicious=true ip=0:0:0:0:0:0:0:1 eventType=LOGIN_ATTEMPT userId=48
CEF:0|YourCompany|modul26|1.0|1001|LOGIN_ATTEMPT|8|biometry=false country=UNKNOWN device_info=PostmanRuntime/7.37.3 city=UNKNOWN isSuspicious=true ip=0:0:0:0:0:0:0:1 eventType=LOGIN_ATTEMPT userId=48
CEF:0|YourCompany|modul26|1.0|1001|LOGIN_ATTEMPT|8|biometry=false country=UNKNOWN device_info=PostmanRuntime/7.37.3 city=UNKNOWN isSuspicious=true ip=0:0:0:0:0:0:0:1 eventType=LOGIN_ATTEMPT userId=49
CEF:0|YourCompany|modul26|1.0|1001|LOGIN_ATTEMPT|8|biometry=false country=UNKNOWN device_info=PostmanRuntime/7.37.3 city=UNKNOWN isSuspicious=true ip=0:0:0:0:0:0:0:1 eventType=LOGIN_ATTEMPT userId=49
CEF:0|YourCompany|modul26|1.0|1001|LOGIN_ATTEMPT|8|biometry=false country=UNKNOWN device_info=PostmanRuntime/7.37.3 city=UNKNOWN isSuspicious=true ip=0:0:0:0:0:0:0:1 eventType=LOGIN_ATTEMPT userId=49
CEF:0|YourCompany|modul26|1.0|1001|LOGIN_ATTEMPT|8|biometry=false country=UNKNOWN device_info=PostmanRuntime/7.37.3 city=UNKNOWN isSuspicious=true ip=0:0:0:0:0:0:0:1 eventType=LOGIN_ATTEMPT userId=49
CEF:0|YourCompany|modul26|1.0|1001|LOGIN_ATTEMPT|8|biometry=false country=UNKNOWN device_info=PostmanRuntime/7.37.3 city=UNKNOWN isSuspicious=true ip=0:0:0:0:0:0:0:1 eventType=LOGIN_ATTEMPT userId=50
CEF:0|YourCompany|modul26|1.0|1001|LOGIN_ATTEMPT|8|biometry=false country=UNKNOWN device_info=PostmanRuntime/7.37.3 city=UNKNOWN isSuspicious=true ip=0:0:0:0:0:0:0:1 eventType=LOGIN_ATTEMPT userId=50
CEF:0|YourCompany|modul26|1.0|1001|LOGIN_ATTEMPT|8|biometry=false country=UNKNOWN device_info=PostmanRuntime/7.37.3 city=UNKNOWN isSuspicious=true ip=0:0:0:0:0:0:0:1 eventType=LOGIN_ATTEMPT userId=50
CEF:0|YourCompany|modul26|1.0|1001|LOGIN_ATTEMPT|8|biometry=false country=UNKNOWN device_info=PostmanRuntime/7.37.3 city=UNKNOWN isSuspicious=true ip=0:0:0:0:0:0:0:1 eventType=LOGIN_ATTEMPT userId=51
CEF:0|YourCompany|modul26|1.0|1001|LOGIN_ATTEMPT|8|biometry=false country=UNKNOWN device_info=PostmanRuntime/7.37.3 city=UNKNOWN isSuspicious=true ip=0:0:0:0:0:0:0:1 eventType=LOGIN_ATTEMPT userId=51
CEF:0|YourCompany|modul26|1.0|1001|LOGIN_ATTEMPT|8|biometry=false country=UNKNOWN device_info=PostmanRuntime/7.37.3 city=UNKNOWN isSuspicious=true ip=0:0:0:0:0:0:0:1 eventType=LOGIN_ATTEMPT userId=51
CEF:0|YourCompany|modul26|1.0|1001|LOGIN_ATTEMPT|8|biometry=false country=UNKNOWN device_info=PostmanRuntime/7.37.3 city=UNKNOWN isSuspicious=true ip=0:0:0:0:0:0:0:1 eventType=LOGIN_ATTEMPT userId=51
CEF:0|YourCompany|modul26|1.0|1001|LOGIN_ATTEMPT|8|biometry=false country=UNKNOWN device_info=PostmanRuntime/7.37.3 city=UNKNOWN isSuspicious=true ip=0:0:0:0:0:0:0:1 eventType=LOGIN_ATTEMPT userId=51
CEF:0|YourCompany|modul26|1.0|1001|LOGIN_ATTEMPT|8|biometry=false country=UNKNOWN device_info=PostmanRuntime/7.37.3 city=UNKNOWN isSuspicious=true ip=0:0:0:0:0:0:0:1 eventType=LOGIN_ATTEMPT userId=51
CEF:0|YourCompany|modul26|1.0|1001|PASSWORD_CHANGE|8|country=UNKNOWN device_info=PostmanRuntime/7.37.3 city=UNKNOWN isSuspicious=true ip=0:0:0:0:0:0:0:1 eventType=PASSWORD_CHANGE userId=51
CEF:0|YourCompany|modul26|1.0|1001|LOGIN_ATTEMPT|8|biometry=false country=UNKNOWN device_info=PostmanRuntime/7.37.3 city=UNKNOWN isSuspicious=true ip=0:0:0:0:0:0:0:1 eventType=LOGIN_ATTEMPT userId=51
CEF:0|YourCompany|modul26|1.0|1001|LOGIN_ATTEMPT|8|biometry=false country=UNKNOWN device_info=PostmanRuntime/7.37.3 city=UNKNOWN isSuspicious=true ip=0:0:0:0:0:0:0:1 eventType=LOGIN_ATTEMPT userId=52
CEF:0|YourCompany|modul26|1.0|1001|LOGIN_ATTEMPT|8|biometry=false country=UNKNOWN device_info=PostmanRuntime/7.37.3 city=UNKNOWN isSuspicious=true ip=0:0:0:0:0:0:0:1 eventType=LOGIN_ATTEMPT userId=53
CEF:0|YourCompany|modul26|1.0|1001|LOGIN_ATTEMPT|8|biometry=false country=UNKNOWN device_info=PostmanRuntime/7.37.3 city=UNKNOWN isSuspicious=true ip=0:0:0:0:0:0:0:1 eventType=LOGIN_ATTEMPT userId=53
CEF:0|YourCompany|modul26|1.0|1001|LOGIN_ATTEMPT|8|biometry=false country=UNKNOWN device_info=PostmanRuntime/7.37.3 city=UNKNOWN isSuspicious=true ip=0:0:0:0:0:0:0:1 eventType=LOGIN_ATTEMPT userId=53
CEF:0|YourCompany|modul26|1.0|1001|LOGIN_ATTEMPT|8|biometry=false country=UNKNOWN device_info=PostmanRuntime/7.37.3 city=UNKNOWN isSuspicious=true ip=0:0:0:0:0:0:0:1 eventType=LOGIN_ATTEMPT userId=53
CEF:0|YourCompany|modul26|1.0|1001|LOGIN_ATTEMPT|8|biometry=false country=UNKNOWN device_info=PostmanRuntime/7.37.3 city=UNKNOWN isSuspicious=true ip=0:0:0:0:0:0:0:1 eventType=LOGIN_ATTEMPT userId=53
CEF:0|YourCompany|modul26|1.0|1001|LOGIN_ATTEMPT|8|biometry=false country=UNKNOWN device_info=PostmanRuntime/7.37.3 city=UNKNOWN isSuspicious=true ip=0:0:0:0:0:0:0:1 eventType=LOGIN_ATTEMPT userId=54
CEF:0|YourCompany|modul26|1.0|1001|LOGIN_ATTEMPT|8|biometry=false country=UNKNOWN device_info=PostmanRuntime/7.37.3 city=UNKNOWN isSuspicious=true ip=0:0:0:0:0:0:0:1 eventType=LOGIN_ATTEMPT userId=55
CEF:0|YourCompany|modul26|1.0|1001|LOGIN_ATTEMPT|8|biometry=false country=UNKNOWN device_info=PostmanRuntime/7.37.3 city=UNKNOWN isSuspicious=true ip=0:0:0:0:0:0:0:1 eventType=LOGIN_ATTEMPT userId=54
CEF:0|YourCompany|modul26|1.0|1001|LOGIN_ATTEMPT|8|biometry=false country=UNKNOWN device_info=PostmanRuntime/7.37.3 city=UNKNOWN isSuspicious=true ip=0:0:0:0:0:0:0:1 eventType=LOGIN_ATTEMPT userId=56
CEF:0|YourCompany|modul26|1.0|1001|LOGOT|8|country=gaSer device_info=iPhone121,3 iOS/17.4 city=vl4a isSuspicious=true ip=127.0**.***.2 eventType=LOGOT userId=56
CEF:0|YourCompany|modul26|1.0|1001|LOGOT|8|country=gaSer device_info=iPhone12,3 iOS/17.4 city=vl4a isSuspicious=true ip=127.0**.***.2 eventType=LOGOT userId=56
CEF:0|YourCompany|modul26|1.0|1001|LOGOT|8|country=gaSer device_info=iPhone12,3 iOS/17.4 city=vl4a isSuspicious=true ip=127.0**.***.3 eventType=LOGOT userId=56
CEF:0|YourCompany|modul26|1.0|1001|LOGOT|8|country=g2aSer device_info=iPhone12,3 iOS/17.4 city=vl4a isSuspicious=true ip=127.0**.***.3 eventType=LOGOT userId=56
CEF:0|YourCompany|modul26|1.0|1001|LOGOT|8|country=g2aSer device_info=iPh1one12,3 iOS/17.4 city=vl4a isSuspicious=true ip=127.0**.***.3 eventType=LOGOT userId=56
CEF:0|YourCompany|modul26|1.0|1001|LOGIN_ATTEMPT|8|biometry=false country=UNKNOWN device_info=PostmanRuntime/7.37.3 city=UNKNOWN isSuspicious=true ip=0:0:0:0:0:0:0:1 eventType=LOGIN_ATTEMPT userId=57
CEF:0|YourCompany|modul26|1.0|1001|LOGOT|8|country=g2aSer device_info=iPhone12,3 iOS/17.4 city=vl4a isSuspicious=true ip=127.0**.***.3 eventType=LOGOT userId=57
CEF:0|YourCompany|modul26|1.0|1001|LOGOT|8|country=g21aSer device_info=iPhone12,3 iOS/17.4 city=vl4a isSuspicious=true ip=127.0**.***.3 eventType=LOGOT userId=57
CEF:0|YourCompany|modul26|1.0|1001|LOGOT|8|country=UKR device_info=iPhone12,3 iOS/17.4 city=vl4a isSuspicious=true ip=127.0**.***.3 eventType=LOGOT userId=57
CEF:0|YourCompany|modul26|1.0|1001|LOGOT|8|country=UKR device_info=iPhone12,3 iOS/17.4 city=vl4a isSuspicious=true ip=127.0**.***.3 eventType=LOGOT userId=57
CEF:0|YourCompany|modul26|1.0|1001|LOGOT|8|country=UKR device_info=iPhone12,3 iOS/17.4 city=vl4a isSuspicious=true ip=127.0**.***.3 eventType=LOGOT userId=57
CEF:0|YourCompany|modul26|1.0|1001|LOGOT|8|country=ssss device_info=iPhone12,3 iOS/17.4 city=vl4a isSuspicious=true ip=127.0**.***.1 eventType=LOGOT userId=57
CEF:0|YourCompany|modul26|1.0|1001|LOGIN_ATTEMPT|8|biometry=false country=UNKNOWN device_info=PostmanRuntime/7.37.3 city=UNKNOWN isSuspicious=true ip=0:0:0:0:0:0:0:1 eventType=LOGIN_ATTEMPT userId=57
CEF:0|YourCompany|modul26|1.0|1001|LOGIN_ATTEMPT|8|biometry=false country=UNKNOWN device_info=PostmanRuntime/7.37.3 city=UNKNOWN isSuspicious=true ip=0:0:0:0:0:0:0:1 eventType=LOGIN_ATTEMPT userId=57
CEF:0|YourCompany|modul26|1.0|1001|LOGIN_ATTEMPT|8|biometry=false country=UNKNOWN device_info=PostmanRuntime/7.37.3 city=UNKNOWN isSuspicious=true ip=0:0:0:0:0:0:0:1 eventType=LOGIN_ATTEMPT userId=58
CEF:0|YourCompany|modul26|1.0|1001|LOGIN_ATTEMPT|8|biometry=false country=UNKNOWN device_info=PostmanRuntime/7.37.3 city=UNKNOWN isSuspicious=true ip=0:0:0:0:0:0:0:1 eventType=LOGIN_ATTEMPT userId=58
CEF:0|YourCompany|modul26|1.0|1001|LOGIN_ATTEMPT|8|biometry=false country=UNKNOWN device_info=PostmanRuntime/7.37.3 city=UNKNOWN isSuspicious=true ip=0:0:0:0:0:0:0:1 eventType=LOGIN_ATTEMPT userId=58
CEF:0|YourCompany|modul26|1.0|1001|LOGOT|8|country=ssss device_info=iPhone12,3 iOS/17.4 city=vl4a isSuspicious=true ip=127.0**.***.1 eventType=LOGOT userId=58
CEF:0|YourCompany|modul26|1.0|1001|LOGOT|8|country=ssss device_info=iPhone12,3 iOS/17.4 city=vl4a isSuspicious=true ip=127.0**.***.1 eventType=LOGOT userId=58
CEF:0|YourCompany|modul26|1.0|1001|LOGOT|8|country=ssss device_info=iPhone12,3 iOS/17.4 city=vl4a isSuspicious=true ip=127.0**.***.1 eventType=LOGOT userId=58
CEF:0|YourCompany|modul26|1.0|1001|LOGOT|8|country=ssss device_info=iPhone12,3 iOS/17.4 city=vl4a isSuspicious=true ip=127.0**.***.1 eventType=LOGOT userId=58
CEF:0|YourCompany|modul26|1.0|1001|LOGOT|8|country=ssss device_info=iPhone12,3 iOS/17.4 city=vl4a isSuspicious=true ip=127.0**.***.1 eventType=LOGOT userId=58
CEF:0|YourCompany|modul26|1.0|1001|LOGOT|8|country=ssss device_info=iPhone12,3 iOS/17.4 city=vl4a isSuspicious=true ip=127.0**.***.1 eventType=LOGOT userId=58
CEF:0|YourCompany|modul26|1.0|1001|LOGOT|8|country=ssss device_info=iPhone12,3 iOS/17.4 city=vl4a isSuspicious=true ip=127.0**.***.1 eventType=LOGOT userId=58
CEF:0|YourCompany|modul26|1.0|1001|LOGOT|8|country=ssss device_info=iPhone12,3 iOS/17.4 city=vl4a isSuspicious=true ip=127.0**.***.1 eventType=LOGOT userId=58
CEF:0|YourCompany|modul26|1.0|1001|LOGOT|8|country=ssss device_info=iPhone12,3 iOS/17.4 city=vl4a isSuspicious=true ip=127.0**.***.1 eventType=LOGOT userId=58
CEF:0|YourCompany|modul26|1.0|1001|LOGOT|8|country=ssss device_info=iPhone12,3 iOS/17.4 city=vl4a isSuspicious=true ip=127.0**.***.1 eventType=LOGOT userId=58
CEF:0|YourCompany|modul26|1.0|1001|LOGOT|8|country=ssss device_info=iPhone12,3 iOS/17.4 city=vl4a isSuspicious=true ip=127.0**.***.1 eventType=LOGOT userId=58
CEF:0|YourCompany|modul26|1.0|1001|LOGOT|8|country=ssss device_info=iPhone12,3 iOS/17.4 city=vl4a isSuspicious=true ip=127.0**.***.1 eventType=LOGOT userId=58
CEF:0|YourCompany|modul26|1.0|1001|LOGOT|8|country=UNKNOWN device_info=iPhone12,3 iOS/17.4 city=vl4a isSuspicious=true ip=127.0**.***.1 eventType=LOGOT userId=58
CEF:0|YourCompany|modul26|1.0|1001|LOGOT|8|country=UNKNOWN device_info=iPhone12,3 iOS/17.4 city=vl4a isSuspicious=true ip=127.0**.***.1 eventType=LOGOT userId=58
CEF:0|YourCompany|modul26|1.0|1001|LOGOT|8|country=UNKNOWN device_info=iPhone12,3 iOS/17.4 city=vl4a isSuspicious=true ip=127.0**.***.1 eventType=LOGOT userId=58
CEF:0|YourCompany|modul26|1.0|1001|LOGIN_ATTEMPT|8|biometry=false country=UNKNOWN device_info=PostmanRuntime/7.37.3 city=UNKNOWN isSuspicious=true ip=0:0:0:0:0:0:0:1 eventType=LOGIN_ATTEMPT userId=58
CEF:0|YourCompany|modul26|1.0|1001|LOGOT|8|country=ssss device_info=iPhone12,3 iOS/17.4 city=vl4a isSuspicious=true ip=127.0**.***.1 eventType=LOGOT userId=58
CEF:0|YourCompany|modul26|1.0|1001|LOGwOT|8|country=ssss device_info=iPhone12,3 iOS/17.4 city=vl4a isSuspicious=true ip=127.0**.***.1 eventType=LOGwOT userId=58
CEF:0|YourCompany|modul26|1.0|1001|LOGwOT|8|country=ssss device_info=iPhone12,3 iOS/17.4 city=vl4a isSuspicious=true ip=127.0**.***.1 eventType=LOGwOT userId=58
CEF:0|YourCompany|modul26|1.0|1001|LOGOUT|8|country=ssss device_info=iPhone12,3 iOS/17.4 city=vl4a isSuspicious=true ip=127.0**.***.1 eventType=LOGOUT userId=58
CEF:0|YourCompany|modul26|1.0|1001|LOGIN_ATTEMPT|8|biometry=false country=UNKNOWN device_info=PostmanRuntime/7.37.3 city=UNKNOWN isSuspicious=true ip=0:0:0:0:0:0:0:1 eventType=LOGIN_ATTEMPT userId=58
CEF:0|YourCompany|modul26|1.0|1001|LOGOUT|8|country=ssss device_info=iPhone12,3 iOS/17.4 city=vl4a isSuspicious=true ip=127.0**.***.1 eventType=LOGOUT userId=58
CEF:0|YourCompany|modul26|1.0|1001|LOGIN_ATTEMPT|8|biometry=false country=UNKNOWN device_info=PostmanRuntime/7.37.3 city=UNKNOWN isSuspicious=true ip=0:0:0:0:0:0:0:1 eventType=LOGIN_ATTEMPT userId=58
CEF:0|YourCompany|modul26|1.0|1001|LOGO1UT|8|country=ssss device_info=iPhone12,3 iOS/17.4 city=vl4a isSuspicious=true ip=127.0**.***.1 eventType=LOGO1UT userId=58
CEF:0|YourCompany|modul26|1.0|1001|LOGO1UT|8|country=ssss device_info=iPhone12,3 iOS/17.4 city=vl4a isSuspicious=true ip=127.0**.***.1 eventType=LOGO1UT userId=58
CEF:0|YourCompany|modul26|1.0|1001|LOGO1UT|8|country=ssss device_info=iPhone12,3 iOS/17.4 city=vl4a isSuspicious=true ip=127.0**.***.1 eventType=LOGO1UT userId=58
CEF:0|YourCompany|modul26|1.0|1001|LOGIN_ATTEMPT|8|biometry=false country=UNKNOWN device_info=PostmanRuntime/7.37.3 city=UNKNOWN isSuspicious=true ip=0:0:0:0:0:0:0:1 eventType=LOGIN_ATTEMPT userId=58
CEF:0|YourCompany|modul26|1.0|1001|LOGO1UT|8|country=ssss device_info=iPhone12,3 iOS/17.4 city=vl4a isSuspicious=true ip=127.0**.***.1 eventType=LOGO1UT userId=58
CEF:0|YourCompany|modul26|1.0|1001|LOGO1UT|8|country=ssss device_info=iPhone12,3 iOS/17.4 city=vl4a isSuspicious=true ip=127.0**.***.1 eventType=LOGO1UT userId=58
CEF:0|YourCompany|modul26|1.0|1001|LOGO1UT|8|country=ssss device_info=iPhone12,3 iOS/17.4 city=vl4a isSuspicious=true ip=127.0**.***.1 eventType=LOGO1UT userId=58
CEF:0|YourCompany|modul26|1.0|1001|LOGO1UT|8|country=ssss device_info=iPhone12,3 iOS/17.4 city=vl4a isSuspicious=true ip=127.0**.***.1 eventType=LOGO1UT userId=58
CEF:0|YourCompany|modul26|1.0|1001|LOGO1UT|8|country=ssss device_info=iPhone12,3 iOS/17.4 city=vl4a isSuspicious=true ip=127.0**.***.1 eventType=LOGO1UT userId=58
CEF:0|YourCompany|modul26|1.0|1001|LOGIN_ATTEMPT|8|biometry=false country=UNKNOWN device_info=PostmanRuntime/7.37.3 city=UNKNOWN isSuspicious=true ip=0:0:0:0:0:0:0:1 eventType=LOGIN_ATTEMPT userId=58
CEF:0|YourCompany|modul26|1.0|1001|LOGIN_ATTEMPT|8|biometry=false country=UNKNOWN device_info=PostmanRuntime/7.37.3 city=UNKNOWN isSuspicious=true ip=0:0:0:0:0:0:0:1 eventType=LOGIN_ATTEMPT userId=58
CEF:0|YourCompany|modul26|1.0|1001|LOGO1UT|8|country=ssss device_info=iPhone12,3 iOS/17.4 city=vl4a isSuspicious=true ip=127.0**.***.1 eventType=LOGO1UT userId=58
CEF:0|YourCompany|modul26|1.0|1001|LOGO1UT|8|country=ssss device_info=iPhone12,3 iOS/17.4 city=vl4a isSuspicious=true ip=127.0**.***.1 eventType=LOGO1UT userId=58
CEF:0|YourCompany|modul26|1.0|1001|LOGO1UT|8|country=ssss device_info=iPhone12,3 iOS/17.4 city=vl4a isSuspicious=true ip=127.0**.***.1 eventType=LOGO1UT userId=58
CEF:0|YourCompany|modul26|1.0|1001|LOGO1UT|8|country=ssss device_info=iPhone12,3 iOS/17.4 city=vl4a isSuspicious=true ip=127.0**.***.1 eventType=LOGO1UT userId=58
CEF:0|YourCompany|modul26|1.0|1001|LOGO1UT|8|country=ssss device_info=iPhone12,3 iOS/17.4 city=vl4a isSuspicious=true ip=127.0**.***.1 eventType=LOGO1UT userId=58
CEF:0|YourCompany|modul26|1.0|1001|LOGIN_ATTEMPT|8|rt=2025-06-11T20:54:42.1030773|biometry=false country=UNKNOWN device_info=PostmanRuntime/7.37.3 city=UNKNOWN isSuspicious=true ip=0:0:0:0:0:0:0:1 eventType=LOGIN_ATTEMPT userId=58
CEF:0|YourCompany|modul26|1.0|1001|LOGO1UT|8|rt=2025-06-11T20:54:59.1701341|country=ssss device_info=iPhone12,3 iOS/17.4 city=vl4a isSuspicious=true ip=127.0**.***.1 eventType=LOGO1UT userId=58
CEF:0|YourCompany|modul26|1.0|1001|LOGIN_ATTEMPT|8|rt=2025-06-11T21:20:53.344571|biometry=false country=UNKNOWN device_info=PostmanRuntime/7.37.3 city=UNKNOWN isSuspicious=true ip=0:0:0:0:0:0:0:1 eventType=LOGIN_ATTEMPT userId=58
CEF:0|YourCompany|modul26|1.0|1001|LOGO1UT|8|rt=2025-06-11T21:21:15.8087718|country=ssss device_info=iPhone12,3 iOS/17.4 city=vl4a isSuspicious=true ip=127.0**.***.1 eventType=LOGO1UT userId=58
CEF:0|YourCompany|modul26|1.0|1001|LOGO1UT|8|rt=2025-06-11T21:25:16.9746568|country=ssss device_info=iPhone12,3 iOS/17.4 city=vl4a isSuspicious=true ip=127.0**.***.1 eventType=LOGO1UT userId=58
CEF:0|YourCompany|modul26|1.0|1001|LOGIN_ATTEMPT|8|rt=2025-06-11T21:43:20.8203751|biometry=false country=UNKNOWN device_info=PostmanRuntime/7.37.3 city=UNKNOWN isSuspicious=true ip=0:0:0:0:0:0:0:1 eventType=LOGIN_ATTEMPT userId=58
CEF:0|YourCompany|modul26|1.0|1001|REGISTRATION|8|rt=2025-06-12T00:20:00.2262188|country=UNKNOWN device_info=PostmanRuntime/7.37.3 city=UNKNOWN isSuspicious=true ip=0:0:0:0:0:0:0:1 eventType=REGISTRATION userId=61
CEF:0|YourCompany|modul26|1.0|1001|LOGIN_ATTEMPT|8|rt=2025-06-12T00:25:11.1850688|biometry=false country=UNKNOWN device_info=PostmanRuntime/7.37.3 city=UNKNOWN isSuspicious=true ip=0:0:0:0:0:0:0:1 eventType=LOGIN_ATTEMPT userId=58
CEF:0|YourCompany|modul26|1.0|1001|LOGIN_ATTEMPT|8|rt=2025-06-12T10:44:15.3018271|biometry=false country=UNKNOWN device_info=PostmanRuntime/7.37.3 city=UNKNOWN isSuspicious=true ip=0:0:0:0:0:0:0:1 eventType=LOGIN_ATTEMPT userId=58
CEF:0|YourCompany|modul26|1.0|1001|LOGIN_ATTEMPT|8|rt=2025-06-12T10:56:32.9319652|biometry=false country=UNKNOWN device_info=PostmanRuntime/7.37.3 city=UNKNOWN isSuspicious=true ip=0:0:0:0:0:0:0:1 eventType=LOGIN_ATTEMPT userId=58
CEF:0|YourCompany|modul26|1.0|1001|LOGIN_ATTEMPT|8|rt=2025-06-12T10:56:34.0541623|biometry=false country=UNKNOWN device_info=PostmanRuntime/7.37.3 city=UNKNOWN isSuspicious=true ip=0:0:0:0:0:0:0:1 eventType=LOGIN_ATTEMPT userId=58
CEF:0|YourCompany|modul26|1.0|1001|LOGIN_ATTEMPT|8|rt=2025-06-12T10:56:35.0889432|biometry=false country=UNKNOWN device_info=PostmanRuntime/7.37.3 city=UNKNOWN isSuspicious=true ip=0:0:0:0:0:0:0:1 eventType=LOGIN_ATTEMPT userId=58
CEF:0|YourCompany|modul26|1.0|1001|REGISTRATION|8|rt=2025-06-12T11:16:12.1359988|country=RU device_info=iPhone12,3 iOS/17.4 city=Москва isSuspicious=true ip=127.0.0.1 eventType=REGISTRATION userId=62
CEF:0|YourCompany|modul26|1.0|1001|REGISTRATION|8|rt=2025-06-12T11:22:43.3351657|biometry=true country=Russia device_info=iPhone12,3 iOS/17.4 city=Moscow isSuspicious=true ip=127.0.0.1 eventType=REGISTRATION userId=63
CEF:0|YourCompany|modul26|1.0|1001|REGISTRATION|8|rt=2025-06-12T11:25:35.0570822|biometry=true country=Russia device_info=iPhone12,3 iOS/17.4 city=Moscow isSuspicious=true ip=127.0.*.* eventType=REGISTRATION userId=64
CEF:0|YourCompany|modul26|1.0|1001|LOGIN_ATTEMPT|8|rt=2025-06-12T13:30:03.0348707|biometry=false country=UNKNOWN device_info=PostmanRuntime/7.37.3 city=UNKNOWN isSuspicious=true ip=0:0:0:0:0:0:0:1 eventType=LOGIN_ATTEMPT userId=58
CEF:0|YourCompany|modul26|1.0|1001|LOGIN_ATTEMPT|8|rt=2025-06-12T16:51:24.7407327|biometry=true country=Russ1  device_info=iPhone12,3 iOS/17.4 city=Moscow isSuspicious=true ip=127.0.*.* eventType=LOGIN_ATTEMPT userId=58
CEF:0|YourCompany|modul26|1.0|1001|LOGIN_ATTEMPT|8|rt=2025-06-12T16:51:25.6049294|biometry=true country=Russ1  device_info=iPhone12,3 iOS/17.4 city=Moscow isSuspicious=true ip=127.0.*.* eventType=LOGIN_ATTEMPT userId=58
CEF:0|YourCompany|modul26|1.0|1001|LOGIN_ATTEMPT|8|rt=2025-06-12T16:51:44.732665|biometry=true country=Russ1  device_info=iPhone12,3 iOS/17.4 city=Moscow isSuspicious=true ip=127.0.*.* eventType=LOGIN_ATTEMPT userId=58
CEF:0|YourCompany|modul26|1.0|1001|LOGIN_ATTEMPT|8|rt=2025-06-12T16:51:45.5476805|biometry=true country=Russ1  device_info=iPhone12,3 iOS/17.4 city=Moscow isSuspicious=true ip=127.0.*.* eventType=LOGIN_ATTEMPT userId=58
CEF:0|YourCompany|modul26|1.0|1001|LOGIN_ATTEMPT|8|rt=2025-06-12T16:52:09.549234|biometry=true country=Russ1  device_info=iPhone12,3 iOS/17.4 city=Mosco1 isSuspicious=true ip=127.0.*.* eventType=LOGIN_ATTEMPT userId=58
CEF:0|YourCompany|modul26|1.0|1001|LOGO1UT|8|rt=2025-06-12T16:52:49.7915361|country=ssss device_info=iPhone12,3 iOS/17.4 city=vl4a isSuspicious=true ip=127.0**.***.1 eventType=LOGO1UT userId=58
CEF:0|YourCompany|modul26|1.0|1001|LOGO1UT|8|rt=2025-06-12T16:52:51.0286047|country=ssss device_info=iPhone12,3 iOS/17.4 city=vl4a isSuspicious=true ip=127.0**.***.1 eventType=LOGO1UT userId=58
CEF:0|YourCompany|modul26|1.0|1001|LOGO1UT|8|rt=2025-06-12T16:52:51.8295324|country=ssss device_info=iPhone12,3 iOS/17.4 city=vl4a isSuspicious=true ip=127.0**.***.1 eventType=LOGO1UT userId=58
CEF:0|YourCompany|modul26|1.0|1001|LOGO1UT|8|rt=2025-06-12T16:52:52.5311508|country=ssss device_info=iPhone12,3 iOS/17.4 city=vl4a isSuspicious=true ip=127.0**.***.1 eventType=LOGO1UT userId=58
CEF:0|YourCompany|modul26|1.0|1001|LOGO1UT|8|rt=2025-06-12T16:52:53.2867694|country=ssss device_info=iPhone12,3 iOS/17.4 city=vl4a isSuspicious=true ip=127.0**.***.1 eventType=LOGO1UT userId=58
CEF:0|YourCompany|modul26|1.0|1001|LOGO1UT|8|rt=2025-06-12T16:52:54.0284558|country=ssss device_info=iPhone12,3 iOS/17.4 city=vl4a isSuspicious=true ip=127.0**.***.1 eventType=LOGO1UT userId=58
CEF:0|YourCompany|modul26|1.0|1001|LOGO1UT|8|rt=2025-06-12T16:52:54.7189761|country=ssss device_info=iPhone12,3 iOS/17.4 city=vl4a isSuspicious=true ip=127.0**.***.1 eventType=LOGO1UT userId=58
CEF:0|YourCompany|modul26|1.0|1001|LOGO1UT|8|rt=2025-06-12T16:53:11.2892154|country=ssss device_info=iPhone12,3 iOS/17.4 city=vl4a isSuspicious=true ip=127.0**.***.1 eventType=LOGO1UT userId=58
CEF:0|YourCompany|modul26|1.0|1001|LOGO1UT|8|rt=2025-06-12T16:53:12.1122654|country=ssss device_info=iPhone12,3 iOS/17.4 city=vl4a isSuspicious=true ip=127.0**.***.1 eventType=LOGO1UT userId=58
CEF:0|YourCompany|modul26|1.0|1001|LOGO1UT|8|rt=2025-06-12T16:53:12.8966757|country=ssss device_info=iPhone12,3 iOS/17.4 city=vl4a isSuspicious=true ip=127.0**.***.1 eventType=LOGO1UT userId=58
CEF:0|YourCompany|modul26|1.0|1001|LOGO1UT|8|rt=2025-06-12T16:53:13.6336588|country=ssss device_info=iPhone12,3 iOS/17.4 city=vl4a isSuspicious=true ip=127.0**.***.1 eventType=LOGO1UT userId=58
CEF:0|YourCompany|modul26|1.0|1001|LOGO1UT|8|rt=2025-06-12T16:53:14.4469203|country=ssss device_info=iPhone12,3 iOS/17.4 city=vl4a isSuspicious=true ip=127.0**.***.1 eventType=LOGO1UT userId=58
CEF:0|YourCompany|modul26|1.0|1001|LOGIN_ATTEMPT|8|rt=2025-06-12T16:55:59.7813419|biometry=true country=Russ1  device_info=iPhone12,3 iOS/17.4 city=Mosco1 isSuspicious=true ip=127.0.*.* eventType=LOGIN_ATTEMPT userId=58
CEF:0|YourCompany|modul26|1.0|1001|LOGIN_ATTEMPT|8|rt=2025-06-12T16:56:00.1121084|biometry=true country=Russ1  device_info=iPhone12,3 iOS/17.4 city=Mosco1 isSuspicious=true ip=127.0.*.* eventType=LOGIN_ATTEMPT userId=58
CEF:0|YourCompany|modul26|1.0|1001|LOGIN_ATTEMPT|8|rt=2025-06-12T16:56:08.8052685|biometry=true country=Russ1  device_info=iPhone12,3 iOS/17.4 city=Mosco1 isSuspicious=true ip=127.0.*.* eventType=LOGIN_ATTEMPT userId=58
CEF:0|YourCompany|modul26|1.0|1001|LOGIN_ATTEMPT|8|rt=2025-06-12T17:00:50.1559767|biometry=true country=Russ1  device_info=iPhone12,3 iOS/17.4 city=Mosco1 isSuspicious=true ip=127.0.*.* eventType=LOGIN_ATTEMPT userId=58
CEF:0|YourCompany|modul26|1.0|1001|LOGIN_ATTEMPT|8|rt=2025-06-12T17:00:51.9168034|biometry=true country=Russ1  device_info=iPhone12,3 iOS/17.4 city=Mosco1 isSuspicious=true ip=127.0.*.* eventType=LOGIN_ATTEMPT userId=58
CEF:0|YourCompany|modul26|1.0|1001|LOGIN_ATTEMPT|8|rt=2025-06-12T17:01:09.4130174|biometry=true country=Russ1  device_info=iPhone12,3 iOS/17.4 city=Mosco1 isSuspicious=true ip=127.0.*.* eventType=LOGIN_ATTEMPT userId=58
CEF:0|YourCompany|modul26|1.0|1001|LOGIN_ATTEMPT|8|rt=2025-06-12T17:01:10.1882549|biometry=true country=Russ1  device_info=iPhone12,3 iOS/17.4 city=Mosco1 isSuspicious=true ip=127.0.*.* eventType=LOGIN_ATTEMPT userId=58
CEF:0|YourCompany|modul26|1.0|1001|LOGIN_ATTEMPT|8|rt=2025-06-12T17:01:11.0137431|biometry=true country=Russ1  device_info=iPhone12,3 iOS/17.4 city=Mosco1 isSuspicious=true ip=127.0.*.* eventType=LOGIN_ATTEMPT userId=58
CEF:0|YourCompany|modul26|1.0|1001|LOGIN_ATTEMPT|8|rt=2025-06-12T17:01:11.5745991|biometry=true country=Russ1  device_info=iPhone12,3 iOS/17.4 city=Mosco1 isSuspicious=true ip=127.0.*.* eventType=LOGIN_ATTEMPT userId=58
CEF:0|YourCompany|modul26|1.0|1001|LOGIN_ATTEMPT|8|rt=2025-06-12T17:01:12.2254837|biometry=true country=Russ1  device_info=iPhone12,3 iOS/17.4 city=Mosco1 isSuspicious=true ip=127.0.*.* eventType=LOGIN_ATTEMPT userId=58
CEF:0|YourCompany|modul26|1.0|1001|LOGIN_ATTEMPT|8|rt=2025-06-12T17:01:12.9643014|biometry=true country=Russ1  device_info=iPhone12,3 iOS/17.4 city=Mosco1 isSuspicious=true ip=127.0.*.* eventType=LOGIN_ATTEMPT userId=58
CEF:0|YourCompany|modul26|1.0|1001|LOGIN_ATTEMPT|8|rt=2025-06-12T17:01:13.6850028|biometry=true country=Russ1  device_info=iPhone12,3 iOS/17.4 city=Mosco1 isSuspicious=true ip=127.0.*.* eventType=LOGIN_ATTEMPT userId=58
CEF:0|YourCompany|modul26|1.0|1001|LOGIN_ATTEMPT|8|rt=2025-06-12T17:01:14.307236|biometry=true country=Russ1  device_info=iPhone12,3 iOS/17.4 city=Mosco1 isSuspicious=true ip=127.0.*.* eventType=LOGIN_ATTEMPT userId=58
CEF:0|YourCompany|modul26|1.0|1001|LOGIN_ATTEMPT|8|rt=2025-06-12T17:01:14.9238406|biometry=true country=Russ1  device_info=iPhone12,3 iOS/17.4 city=Mosco1 isSuspicious=true ip=127.0.*.* eventType=LOGIN_ATTEMPT userId=58
CEF:0|YourCompany|modul26|1.0|1001|LOGIN_ATTEMPT|8|rt=2025-06-12T17:01:15.7522439|biometry=true country=Russ1  device_info=iPhone12,3 iOS/17.4 city=Mosco1 isSuspicious=true ip=127.0.*.* eventType=LOGIN_ATTEMPT userId=58
CEF:0|YourCompany|modul26|1.0|1001|LOGIN_ATTEMPT|8|rt=2025-06-12T17:19:43.9361244|biometry=true country=Russ1  device_info=iPhone12,3 iOS/17.4 city=Mosco1 isSuspicious=true ip=127.0.*.* eventType=LOGIN_ATTEMPT userId=58
CEF:0|YourCompany|modul26|1.0|1001|LOGIN_ATTEMPT|8|rt=2025-06-12T17:19:45.3091295|biometry=true country=Russ1  device_info=iPhone12,3 iOS/17.4 city=Mosco1 isSuspicious=true ip=127.0.*.* eventType=LOGIN_ATTEMPT userId=58
CEF:0|YourCompany|modul26|1.0|1001|LOGIN_ATTEMPT|8|rt=2025-06-12T18:00:17.0796185|biometry=true country=Russ1  device_info=iPhone12,3 iOS/17.4 city=Mosco1 isSuspicious=true ip=127.0.*.* eventType=LOGIN_ATTEMPT userId=58
CEF:0|YourCompany|modul26|1.0|1001|LOGIN_ATTEMPT|8|rt=2025-06-12T18:00:35.2160427|biometry=true country=Russ1  device_info=iPhone12,3 iOS/17.4 city=Mosco1 isSuspicious=true ip=127.0.*.* eventType=LOGIN_ATTEMPT userId=58
CEF:0|YourCompany|modul26|1.0|1001|LOGIN_ATTEMPT|8|rt=2025-06-12T18:00:36.2815762|biometry=true country=Russ1  device_info=iPhone12,3 iOS/17.4 city=Mosco1 isSuspicious=true ip=127.0.*.* eventType=LOGIN_ATTEMPT userId=58
CEF:0|YourCompany|modul26|1.0|1001|LOGO1UT|8|rt=2025-06-12T18:01:28.6993296|country=ssss device_info=iPhone12,3 iOS/17.4 city=vl4a isSuspicious=true ip=127.0**.***.1 eventType=LOGO1UT userId=58
CEF:0|YourCompany|modul26|1.0|1001|LOGIN_ATTEMPT|8|rt=2025-06-12T18:01:46.1813446|biometry=true country=Russ1  device_info=iPhone12,3 iOS/17.4 city=Mosco1 isSuspicious=true ip=127.0.*.* eventType=LOGIN_ATTEMPT userId=58
CEF:0|YourCompany|modul26|1.0|1001|LOGIN_ATTEMPT|8|rt=2025-06-12T18:01:47.1270031|biometry=true country=Russ1  device_info=iPhone12,3 iOS/17.4 city=Mosco1 isSuspicious=true ip=127.0.*.* eventType=LOGIN_ATTEMPT userId=58
CEF:0|YourCompany|modul26|1.0|1001|LOGIN_ATTEMPT|8|rt=2025-06-12T18:01:47.8620436|biometry=true country=Russ1  device_info=iPhone12,3 iOS/17.4 city=Mosco1 isSuspicious=true ip=127.0.*.* eventType=LOGIN_ATTEMPT userId=58
CEF:0|YourCompany|modul26|1.0|1001|LOGIN_ATTEMPT|8|rt=2025-06-12T18:01:48.6968865|biometry=true country=Russ1  device_info=iPhone12,3 iOS/17.4 city=Mosco1 isSuspicious=true ip=127.0.*.* eventType=LOGIN_ATTEMPT userId=58
CEF:0|YourCompany|modul26|1.0|1001|LOGIN_ATTEMPT|8|rt=2025-06-12T18:01:49.4939297|biometry=true country=Russ1  device_info=iPhone12,3 iOS/17.4 city=Mosco1 isSuspicious=true ip=127.0.*.* eventType=LOGIN_ATTEMPT userId=58
CEF:0|YourCompany|modul26|1.0|1001|LOGIN_ATTEMPT|8|rt=2025-06-12T18:01:50.2055904|biometry=true country=Russ1  device_info=iPhone12,3 iOS/17.4 city=Mosco1 isSuspicious=true ip=127.0.*.* eventType=LOGIN_ATTEMPT userId=58
CEF:0|YourCompany|modul26|1.0|1001|LOGIN_ATTEMPT|8|rt=2025-06-12T18:01:51.0738402|biometry=true country=Russ1  device_info=iPhone12,3 iOS/17.4 city=Mosco1 isSuspicious=true ip=127.0.*.* eventType=LOGIN_ATTEMPT userId=58
CEF:0|YourCompany|modul26|1.0|1001|LOGO1UT|8|rt=2025-06-12T18:02:23.7465024|country=ssss device_info=iPhone12,3 iOS/17.4 city=vl4a isSuspicious=true ip=127.0**.***.1 eventType=LOGO1UT userId=58
CEF:0|YourCompany|modul26|1.0|1001|LOGIN_ATTEMPT|8|rt=2025-06-12T18:03:18.0069367|biometry=true country=ssss device_info=iPhone12,3 iOS/17.4 city=vl4a isSuspicious=true ip=127.0.*.* eventType=LOGIN_ATTEMPT userId=58
CEF:0|YourCompany|modul26|1.0|1001|LOGIN_ATTEMPT|8|rt=2025-06-12T18:03:19.1153388|biometry=true country=ssss device_info=iPhone12,3 iOS/17.4 city=vl4a isSuspicious=true ip=127.0.*.* eventType=LOGIN_ATTEMPT userId=58
CEF:0|YourCompany|modul26|1.0|1001|LOGO1UT|8|rt=2025-06-12T18:05:05.3975601|country=ssss device_info=iPhone12,3 iOS/17.4 city=vl4a isSuspicious=true ip=127.0**.***.1 eventType=LOGO1UT userId=58
CEF:0|YourCompany|modul26|1.0|1001|LOGIN_ATTEMPT|8|rt=2025-06-12T18:05:10.0420495|biometry=true country=ssss device_info=iPhone12,3 iOS/17.4 city=vl4a isSuspicious=true ip=127.0.*.* eventType=LOGIN_ATTEMPT userId=58
CEF:0|YourCompany|modul26|1.0|1001|LOGO1UT|8|rt=2025-06-12T18:05:22.2236579|country=ssss device_info=iPhone12,3 iOS/17.4 city=vl4a isSuspicious=true ip=127.0**.***.1 eventType=LOGO1UT userId=58
CEF:0|YourCompany|modul26|1.0|1001|LOGO1UT|8|rt=2025-06-12T18:06:00.535695|country=sss device_info=iPhone12,3 iOS/17.4 city=vl4a isSuspicious=true ip=127.0**.***.1 eventType=LOGO1UT userId=58
CEF:0|YourCompany|modul26|1.0|1001|LOGIN_ATTEMPT|8|rt=2025-06-12T18:06:17.4085981|biometry=true country=ssss device_info=iPhone12,3 iOS/17.4 city=vl4a isSuspicious=true ip=127.0.*.* eventType=LOGIN_ATTEMPT userId=58
CEF:0|YourCompany|modul26|1.0|1001|LOGO1UT|8|rt=2025-06-12T18:06:26.8814138|country=ssss device_info=iPhone12,3 iOS/17.4 city=vl4a isSuspicious=true ip=127.0**.***.1 eventType=LOGO1UT userId=58
CEF:0|YourCompany|modul26|1.0|1001|LOGIN_ATTEMPT|8|rt=2025-06-12T18:08:33.2062618|biometry=true country=ssss device_info=iPhone12,3 iOS/17.4 city=vl4a isSuspicious=true ip=127.0.*.* eventType=LOGIN_ATTEMPT userId=58
CEF:0|YourCompany|modul26|1.0|1001|LOGIN_ATTEMPT|8|rt=2025-06-12T18:08:48.5415514|biometry=true country=ssss device_info=iPhone12,3 iOS/17.4 city=vl4a isSuspicious=true ip=127.0.*.* eventType=LOGIN_ATTEMPT userId=58
CEF:0|YourCompany|modul26|1.0|1001|LOGIN_ATTEMPT|8|rt=2025-06-12T18:09:06.8213505|biometry=true country=ssss device_info=iPhone12,3 iOS/17.4 city=vl4a isSuspicious=true ip=127.0.*.* eventType=LOGIN_ATTEMPT userId=58
CEF:0|YourCompany|modul26|1.0|1001|LOGO1UT|8|rt=2025-06-12T18:09:22.7982755|country=ssss device_info=iPhone12,3 iOS/17.4 city=vl4a isSuspicious=true ip=127.0**.***.1 eventType=LOGO1UT userId=58
CEF:0|YourCompany|modul26|1.0|1001|LOGIN_ATTEMPT|8|rt=2025-06-12T18:40:52.5052547|biometry=true country=ssss device_info=iPhone12,3 iOS/17.4 city=vl4a isSuspicious=true ip=127.0.*.* eventType=LOGIN_ATTEMPT userId=58
CEF:0|YourCompany|modul26|1.0|1001|LOGIN_ATTEMPT|8|rt=2025-06-12T18:40:53.9692482|biometry=true country=ssss device_info=iPhone12,3 iOS/17.4 city=vl4a isSuspicious=true ip=127.0.*.* eventType=LOGIN_ATTEMPT userId=58
CEF:0|YourCompany|modul26|1.0|1001|LOGIN_ATTEMPT|8|rt=2025-06-12T18:40:55.259649|biometry=true country=ssss device_info=iPhone12,3 iOS/17.4 city=vl4a isSuspicious=true ip=127.0.*.* eventType=LOGIN_ATTEMPT userId=58
CEF:0|YourCompany|modul26|1.0|1001|LOGIN_ATTEMPT|8|rt=2025-06-12T18:42:36.1288243|biometry=true country=ssss device_info=iPhone12,3 iOS/17.4 city=vl4a isSuspicious=true ip=127.0.*.* eventType=LOGIN_ATTEMPT userId=58
CEF:0|YourCompany|modul26|1.0|1001|LOGIN_ATTEMPT|8|rt=2025-06-12T18:43:20.3254497|biometry=true country=ssss device_info=iPhone12,3 iOS/17.4 city=vl4a isSuspicious=true ip=127.0.*.* eventType=LOGIN_ATTEMPT userId=58
CEF:0|YourCompany|modul26|1.0|1001|LOGO1UT|8|rt=2025-06-12T20:18:03.2903278|country=sss1 device_info=iPhone12,3 iOS/17.4 city=vl4a isSuspicious=true ip=127.0**.***.1 eventType=LOGO1UT userId=58
CEF:0|YourCompany|modul26|1.0|1001|LOGO1UT|8|rt=2025-06-12T20:41:18.8254537|country=UKR device_info=iPhone12,3 iOS/17.4 city=vl4a isSuspicious=true ip=127.0**.***.1 eventType=LOGO1UT userId=58
CEF:0|YourCompany|modul26|1.0|1001|LOGO1UT|8|rt=2025-06-12T20:41:19.9492999|country=UKR device_info=iPhone12,3 iOS/17.4 city=vl4a isSuspicious=true ip=127.0**.***.1 eventType=LOGO1UT userId=58
CEF:0|YourCompany|modul26|1.0|1001|LOGO1UT|8|rt=2025-06-12T20:41:20.5843074|country=UKR device_info=iPhone12,3 iOS/17.4 city=vl4a isSuspicious=true ip=127.0**.***.1 eventType=LOGO1UT userId=58
CEF:0|YourCompany|modul26|1.0|1001|LOGO1UT|8|rt=2025-06-12T20:41:21.0499326|country=UKR device_info=iPhone12,3 iOS/17.4 city=vl4a isSuspicious=true ip=127.0**.***.1 eventType=LOGO1UT userId=58
