CEF:0|YourCompany|modul26|1.0|1001|LOGIN_ATTEMPT|8|country=UNKNOWN city=UNKNOWN isSuspicious=true ip=0:0:0:0:0:0:0:1 eventType=LOGIN_ATTEMPT userId=16 device=PostmanRuntime/7.37.3
CEF:0|YourCompany|modul26|1.0|1001|LOGIN_ATTEMPT|8|country=UNKNOWN city=UNKNOWN isSuspicious=true ip=0:0:0:0:0:0:0:1 eventType=LOGIN_ATTEMPT userId=16 device=PostmanRuntime/7.37.3
CEF:0|YourCompany|modul26|1.0|1001|LOGIN_ATTEMPT|8|country=UNKNOWN city=UNKNOWN isSuspicious=true ip=0:0:0:0:0:0:0:1 eventType=LOGIN_ATTEMPT userId=16 device=PostmanRuntime/7.37.3
CEF:0|YourCompany|modul26|1.0|1001|LOGIN_ATTEMPT|8|country=UNKNOWN city=UNKNOWN isSuspicious=true ip=0:0:0:0:0:0:0:1 eventType=LOGIN_ATTEMPT userId=12 device=PostmanRuntime/7.37.3
CEF:0|YourCompany|modul26|1.0|1001|LOGIN_ATTEMPT|8|country=UNKNOWN city=UNKNOWN isSuspicious=true ip=0:0:0:0:0:0:0:1 eventType=LOGIN_ATTEMPT userId=12 device=PostmanRuntime/7.37.3
CEF:0|YourCompany|modul26|1.0|1001|LOGIN_ATTEMPT|8|country=UNKNOWN city=UNKNOWN isSuspicious=true ip=0:0:0:0:0:0:0:1 eventType=LOGIN_ATTEMPT userId=12 device=PostmanRuntime/7.37.3
CEF:0|YourCompany|modul26|1.0|1001|LOGIN_ATTEMPT|8|country=UNKNOWN city=UNKNOWN isSuspicious=true ip=0:0:0:0:0:0:0:1 eventType=LOGIN_ATTEMPT userId=12 device=PostmanRuntime/7.37.3
CEF:0|YourCompany|modul26|1.0|1001|LOGIN_ATTEMPT|8|country=UNKNOWN city=UNKNOWN isSuspicious=true ip=0:0:0:0:0:0:0:1 eventType=LOGIN_ATTEMPT userId=12 device=PostmanRuntime/7.37.3
CEF:0|YourCompany|modul26|1.0|1001|piga|8|biometry=false country=USA city=Moscow isSuspicious=true ip=127.0**.***.1 eventType=piga userId=31 device=iPhone11,3 iOS/17.4
CEF:0|YourCompany|modul26|1.0|1001|piga|8|biometry=false country=USA city=Moscow isSuspicious=true ip=127.0**.***.1 eventType=piga userId=31 device=iPhone11,3 iOS/17.4
CEF:0|YourCompany|modul26|1.0|1001|piga|8|biometry=false country=RUS city=Moscow isSuspicious=true ip=127.0**.***.1 eventType=piga userId=31 device=iPhone1`,3 iOS/17.4
CEF:0|YourCompany|modul26|1.0|1001|piga|8|biometry=true country=RUS city=Moscow isSuspicious=true ip=127.0**.***.1 eventType=piga userId=31 device=iPhone11`,3 iOS/17.4
CEF:0|YourCompany|modul26|1.0|1001|piga|8|biometry=true country=USA city=Moscow isSuspicious=true ip=127.0**.***.1 eventType=piga userId=31 device=iPhone11,3 iOS/17.4
CEF:0|YourCompany|modul26|1.0|1001|piga|8|biometry=true country=USA city=Moscow isSuspicious=true ip=127.0**.***.1 eventType=piga userId=31 device=iPhone11,3 iOS/17.4
CEF:0|YourCompany|modul26|1.0|1001|piga|8|biometry=true country=USA city=Moscow isSuspicious=true ip=127.0**.***.1 eventType=piga userId=31 device=iPhone11,3 iOS/17.4
CEF:0|YourCompany|modul26|1.0|1001|piga|8|biometry=false country=RUS city=Moscow isSuspicious=true ip=127.0**.***.2 eventType=piga userId=31 device=iPhone11,3 iOS/17.4
CEF:0|YourCompany|modul26|1.0|1001|piga|8|biometry=false country=RUS city=Moscow isSuspicious=true ip=127.0**.***.2 eventType=piga userId=31
CEF:0|YourCompany|modul26|1.0|1001|piga|8|biometry=false country=RUS device_info=iPhone21,3 iOS/17.4 city=Moscow isSuspicious=true ip=127.0**.***.2 eventType=piga userId=31
CEF:0|YourCompany|modul26|1.0|1001|piga|8|biometry=false country=RUS device_info=iPhone22,3 iOS/17.4 city=Moscow isSuspicious=true ip=127.0**.***.2 eventType=piga userId=31
CEF:0|YourCompany|modul26|1.0|1001|piga|8|biometry=false country=ger device_info=iPhone22,3 iOS/17.4 city=Moscow isSuspicious=true ip=127.0**.***.2 eventType=piga userId=31
CEF:0|YourCompany|modul26|1.0|1001|piga|8|biometry=false country=ger device_info=iPhone22,3 iOS/17.4 city=Moscow isSuspicious=true ip=127.0**.***.6 eventType=piga userId=31
CEF:0|YourCompany|modul26|1.0|1001|piga|8|biometry=true country=ger device_info=iPhone22,3 iOS/17.4 city=Moscow isSuspicious=true ip=127.0**.***.6 eventType=piga userId=32
CEF:0|YourCompany|modul26|1.0|1001|piga|8|biometry=true country=ger device_info=iPhone12,3 iOS/17.4 city=Moscow isSuspicious=true ip=127.0**.***.6 eventType=piga userId=32
CEF:0|YourCompany|modul26|1.0|1001|piga|8|biometry=true country=ger device_info=iPhone12,3 iOS/17.4 city=vlad isSuspicious=true ip=127.0**.***.6 eventType=piga userId=32
CEF:0|YourCompany|modul26|1.0|1001|piga|8|biometry=true country=ger device_info=ios|mac city=vlad isSuspicious=true ip=127.0**.***.6 eventType=piga userId=32
CEF:0|YourCompany|modul26|1.0|1001|piga|8|biometry=true country=ger device_info=iPhone12,3 iOS/17.4 city=vla isSuspicious=true ip=127.0**.***.6 eventType=piga userId=32
CEF:0|YourCompany|modul26|1.0|1001|piga|8|biometry=true country=ger device_info=iPhone12,3 iOS/17.4 city=vцla isSuspicious=true ip=127.0**.***.6 eventType=piga userId=32
CEF:0|YourCompany|modul26|1.0|1001|piga|8|biometry=true country=ger device_info=iPhone12,3 iOS/17.4 city=vцla isSuspicious=true ip=127.0**.***.6 eventType=piga userId=32
CEF:0|YourCompany|modul26|1.0|1001|piga|8|biometry=true country=ger device_info=iPhone12,3 iOS/17.4 city=vцla isSuspicious=true ip=127.0**.***.6 eventType=piga userId=32
CEF:0|YourCompany|modul26|1.0|1001|piga|8|biometry=true country=ger device_info=iPhone12,3 iOS/17.4 city=vцla isSuspicious=true ip=127.0**.***.6 eventType=piga userId=32
CEF:0|YourCompany|modul26|1.0|1001|piga|8|biometry=true country=ger device_info=iPhone12,3 iOS/17.4 city=vцla isSuspicious=true ip=127.0**.***.6 eventType=piga userId=32
CEF:0|YourCompany|modul26|1.0|1001|LOGIN_ATTEMPT|8|country=UNKNOWN device_info=PostmanRuntime/7.37.3 city=UNKNOWN isSuspicious=true ip=0:0:0:0:0:0:0:1 eventType=LOGIN_ATTEMPT userId=33
CEF:0|YourCompany|modul26|1.0|1001|piga|8|biometry=true country=ger device_info=iPhone12,3 iOS/17.4 city=vцla isSuspicious=true ip=127.0**.***.6 eventType=piga userId=33
CEF:0|YourCompany|modul26|1.0|1001|piga|8|biometry=true country=ger device_info=iPhone12,3 iOS/17.4 city=vцla isSuspicious=true ip=127.0**.***.6 eventType=piga userId=33
CEF:0|YourCompany|modul26|1.0|1001|piga|8|biometry=true country=ger device_info=iPhone12,3 iOS/17.4 city=vla isSuspicious=true ip=127.0**.***.6 eventType=piga userId=33
CEF:0|YourCompany|modul26|1.0|1001|LOGIN_ATTEMPT|8|country=UNKNOWN device_info=PostmanRuntime/7.37.3 city=UNKNOWN isSuspicious=true ip=0:0:0:0:0:0:0:1 eventType=LOGIN_ATTEMPT userId=34
CEF:0|YourCompany|modul26|1.0|1001|piga|8|biometry=true country=ger device_info=iPhone12,3 iOS/17.4 city=vla isSuspicious=true ip=127.0**.***.6 eventType=piga userId=34
CEF:0|YourCompany|modul26|1.0|1001|piga|8|biometry=true country=ger device_info=iPhone12,3 iOS/17.4 city=vla isSuspicious=true ip=127.0**.***.6 eventType=piga userId=34
CEF:0|YourCompany|modul26|1.0|1001|piga|8|biometry=true country=ger device_info=iPhone12,3 iOS/17.4 city=vla isSuspicious=true ip=127.0**.***.6 eventType=piga userId=34
CEF:0|YourCompany|modul26|1.0|1001|piga|8|biometry=true country=ger device_info=iPhone12,3 iOS/17.4 city=vla isSuspicious=true ip=127.0**.***.6 eventType=piga userId=34
CEF:0|YourCompany|modul26|1.0|1001|piga|8|biometry=true country=ger device_info=iPhone12,3 iOS/17.4 city=vla isSuspicious=true ip=127.0**.***.6 eventType=piga userId=34
CEF:0|YourCompany|modul26|1.0|1001|piga|8|biometry=true country=ger device_info=iPhone12,3 iOS/17.4 city=vla isSuspicious=true ip=127.000.6 eventType=piga userId=34
CEF:0|YourCompany|modul26|1.0|1001|piga|8|biometry=true country=ger device_info=iPhone12,3 iOS/17.4 city=vla isSuspicious=true ip=127.000.6 eventType=piga userId=34
CEF:0|YourCompany|modul26|1.0|1001|piga|8|biometry=true country=ger device_info=iPhone12,3 iOS/17.4 city=vla isSuspicious=true ip=127.000.6 eventType=piga userId=34
CEF:0|YourCompany|modul26|1.0|1001|piga|8|biometry=true country=ger device_info=iPhone12,3 iOS/17.4 city=vlaa isSuspicious=true ip=127.000.6 eventType=piga userId=34
CEF:0|YourCompany|modul26|1.0|1001|piga|8|biometry=true country=gaer device_info=iPhone12,3 iOS/17.4 city=vlaa isSuspicious=true ip=127.000.6 eventType=piga userId=34
CEF:0|YourCompany|modul26|1.0|1001|LOGIN_ATTEMPT|8|country=UNKNOWN device_info=PostmanRuntime/7.37.3 city=UNKNOWN isSuspicious=true ip=0:0:0:0:0:0:0:1 eventType=LOGIN_ATTEMPT userId=35
CEF:0|YourCompany|modul26|1.0|1001|piga|8|biometry=true country=gaer device_info=iPhone12,3 iOS/17.4 city=vlaa isSuspicious=true ip=127.000.6 eventType=piga userId=35
CEF:0|YourCompany|modul26|1.0|1001|piga|8|biometry=false country=gaer device_info=iPhone12,3 iOS/17.4 city=vlaa isSuspicious=true ip=127.000.6 eventType=piga userId=35
CEF:0|YourCompany|modul26|1.0|1001|LOGIN_ATTEMPT|8|country=UNKNOWN device_info=PostmanRuntime/7.37.3 city=UNKNOWN isSuspicious=true ip=0:0:0:0:0:0:0:1 eventType=LOGIN_ATTEMPT userId=36
CEF:0|YourCompany|modul26|1.0|1001|piga|8|biometry=true country=gaer device_info=iPhone12,3 iOS/17.4 city=vlaa isSuspicious=true ip=127.000.6 eventType=piga userId=36
CEF:0|YourCompany|modul26|1.0|1001|LOGIN|8|biometry=false country=gaer device_info=iPhone12,3 iOS/17.4 city=vlaa isSuspicious=true ip=127.000.6 eventType=LOGIN userId=36
CEF:0|YourCompany|modul26|1.0|1001|LOGIN|8|biometry=false country=gaer device_info=iPhone12,3 iOS/17.4 city=vlaa isSuspicious=true ip=127.000.6 eventType=LOGIN userId=36
CEF:0|YourCompany|modul26|1.0|1001|LOGIN|8|biometry=false country=gaer device_info=iPhone12,3 iOS/17.4 city=vlaa isSuspicious=true ip=127.***.***.6 eventType=LOGIN userId=36
CEF:0|YourCompany|modul26|1.0|1001|LOGIN_ATTEMPT|8|country=UNKNOWN device_info=PostmanRuntime/7.37.3 city=UNKNOWN isSuspicious=true ip=0:0:0:0:0:0:0:1 eventType=LOGIN_ATTEMPT userId=40 email=4*******a@mail.com
CEF:0|YourCompany|modul26|1.0|1001|LOGIN_ATTEMPT|8|country=UNKNOWN device_info=PostmanRuntime/7.37.3 city=UNKNOWN isSuspicious=true ip=0:0:0:0:0:0:0:1 eventType=LOGIN_ATTEMPT userId=40
CEF:0|YourCompany|modul26|1.0|1001|LOGIN_ATTEMPT|8|country=UNKNOWN device_info=PostmanRuntime/7.37.3 city=UNKNOWN isSuspicious=true ip=0:0:0:0:0:0:0:1 eventType=LOGIN_ATTEMPT userId=40
CEF:0|YourCompany|modul26|1.0|1001|LOGIN_ATTEMPT|8|country=UNKNOWN device_info=PostmanRuntime/7.37.3 city=UNKNOWN isSuspicious=true ip=0:0:0:0:0:0:0:1 eventType=LOGIN_ATTEMPT userId=40
CEF:0|YourCompany|modul26|1.0|1001|LOGIN_ATTEMPT|8|country=UNKNOWN device_info=PostmanRuntime/7.37.3 city=UNKNOWN isSuspicious=true ip=0:0:0:0:0:0:0:1 eventType=LOGIN_ATTEMPT userId=39
CEF:0|YourCompany|modul26|1.0|1001|LOGIN_ATTEMPT|8|country=UNKNOWN device_info=PostmanRuntime/7.37.3 city=UNKNOWN isSuspicious=true ip=0:0:0:0:0:0:0:1 eventType=LOGIN_ATTEMPT userId=39
CEF:0|YourCompany|modul26|1.0|1001|LOGIN_ATTEMPT|8|country=UNKNOWN device_info=PostmanRuntime/7.37.3 city=UNKNOWN isSuspicious=true ip=0:0:0:0:0:0:0:1 eventType=LOGIN_ATTEMPT userId=39
CEF:0|YourCompany|modul26|1.0|1001|LOGIN_ATTEMPT|8|country=UNKNOWN device_info=PostmanRuntime/7.37.3 city=UNKNOWN isSuspicious=true ip=0:0:0:0:0:0:0:1 eventType=LOGIN_ATTEMPT userId=39
CEF:0|YourCompany|modul26|1.0|1001|LOGIN|8|biometry=false country=gaer device_info=iPhone12,3 iOS/17.4 city=vlaa isSuspicious=true ip=127.0**.***.6 eventType=LOGIN userId=39
CEF:0|YourCompany|modul26|1.0|1001|LOGIN|8|biometry=false country=gaer device_info=iPhone12,3 iOS/17.4 city=vlaa isSuspicious=true ip=127.0**.***.6 eventType=LOGIN userId=39
CEF:0|YourCompany|modul26|1.0|1001|LOGIN|8|biometry=false country=gaer device_info=iPhone12,3 iOS/17.4 city=vlaa isSuspicious=true ip=127.0**.***.6 eventType=LOGIN userId=39
CEF:0|YourCompany|modul26|1.0|1001|LOGIN|8|biometry=true country=gaer device_info=iPhone12,3 iOS/17.4 city=vla isSuspicious=true ip=127.0**.***.6 eventType=LOGIN userId=39
CEF:0|YourCompany|modul26|1.0|1001|LOGIN|8|biometry=true country=gaer device_info=iPhone12,3 iOS/17.4 city=vl4a isSuspicious=true ip=127.0**.***.6 eventType=LOGIN userId=39
CEF:0|YourCompany|modul26|1.0|1001|LOGIN|8|biometry=true country=gaer device_info=iPhone12,3 iOS/17.4 city=vl4a isSuspicious=true ip=127.0**.***.1 eventType=LOGIN userId=39
CEF:0|YourCompany|modul26|1.0|1001|LOGIN|8|biometry=false country=gaer device_info=iPhone12,3 iOS/17.4 city=vl4a isSuspicious=true ip=127.0**.***.1 eventType=LOGIN userId=39
CEF:0|YourCompany|modul26|1.0|1001|LOGIN|8|biometry=false country=gaer device_info=iPhone12,3 iOS/17.4 city=vl4a isSuspicious=true ip=127.0**.***.1 eventType=LOGIN userId=39
CEF:0|YourCompany|modul26|1.0|1001|LOGIN|8|biometry=false country=gaer device_info=iPhone12,3 iOS/17.4 city=vl4a isSuspicious=true ip=127.0**.***.1 eventType=LOGIN userId=39
CEF:0|YourCompany|modul26|1.0|1001|LOGIN|8|biometry=false country=gaer device_info=iPhone12,3 iOS/17.4 city=vl4a isSuspicious=true ip=127.0**.***.1 eventType=LOGIN userId=6
CEF:0|YourCompany|modul26|1.0|1001|LOGIN|8|biometry=false country=gaer device_info=iPhone12,3 iOS/17.4 city=vl4a isSuspicious=true ip=127.0**.***.1 eventType=LOGIN userId=6
CEF:0|YourCompany|modul26|1.0|1001|LOGODUT|8|biometry=false country=gaSer device_info=iPhone12,3 iOS/17.4 city=vl4a isSuspicious=true ip=127.0**.***.1 eventType=LOGODUT userId=6
CEF:0|YourCompany|modul26|1.0|1001|LOGIN_ATTEMPT|8|country=UNKNOWN device_info=PostmanRuntime/7.37.3 city=UNKNOWN isSuspicious=true ip=0:0:0:0:0:0:0:1 eventType=LOGIN_ATTEMPT userId=null
CEF:0|YourCompany|modul26|1.0|1001|LOGIN_ATTEMPT|8|country=UNKNOWN device_info=PostmanRuntime/7.37.3 city=UNKNOWN isSuspicious=true ip=0:0:0:0:0:0:0:1 eventType=LOGIN_ATTEMPT userId=46
CEF:0|YourCompany|modul26|1.0|1001|LOGIN_ATTEMPT|8|biometry=false country=UNKNOWN device_info=PostmanRuntime/7.37.3 city=UNKNOWN isSuspicious=true ip=0:0:0:0:0:0:0:1 eventType=LOGIN_ATTEMPT userId=47
CEF:0|YourCompany|modul26|1.0|1001|LOGOцUT|8|country=gaSer device_info=iPhone12,3 iOS/17.4 city=vl4a isSuspicious=true ip=127.0**.***.1 eventType=LOGOцUT userId=47
CEF:0|YourCompany|modul26|1.0|1001|LOGOцUT|8|country=gaSer device_info=iPhone12,3 iOS/17.4 city=vl4a isSuspicious=true ip=127.0**.***.2 eventType=LOGOцUT userId=47
CEF:0|YourCompany|modul26|1.0|1001|PASSWORD_CHANGE|8|country=UNKNOWN device_info=PostmanRuntime/7.37.3 city=UNKNOWN isSuspicious=true ip=0:0:0:0:0:0:0:1 eventType=PASSWORD_CHANGE userId=47
CEF:0|YourCompany|modul26|1.0|1001|LOGIN_ATTEMPT|8|biometry=false country=UNKNOWN device_info=PostmanRuntime/7.37.3 city=UNKNOWN isSuspicious=true ip=0:0:0:0:0:0:0:1 eventType=LOGIN_ATTEMPT userId=47
CEF:0|YourCompany|modul26|1.0|1001|LOGIN_ATTEMPT|8|biometry=false country=UNKNOWN device_info=PostmanRuntime/7.37.3 city=UNKNOWN isSuspicious=true ip=0:0:0:0:0:0:0:1 eventType=LOGIN_ATTEMPT userId=48
CEF:0|YourCompany|modul26|1.0|1001|LOGIN_ATTEMPT|8|biometry=false country=UNKNOWN device_info=PostmanRuntime/7.37.3 city=UNKNOWN isSuspicious=true ip=0:0:0:0:0:0:0:1 eventType=LOGIN_ATTEMPT userId=48
CEF:0|YourCompany|modul26|1.0|1001|LOGIN_ATTEMPT|8|biometry=false country=UNKNOWN device_info=PostmanRuntime/7.37.3 city=UNKNOWN isSuspicious=true ip=0:0:0:0:0:0:0:1 eventType=LOGIN_ATTEMPT userId=48
CEF:0|YourCompany|modul26|1.0|1001|LOGIN_ATTEMPT|8|biometry=false country=UNKNOWN device_info=PostmanRuntime/7.37.3 city=UNKNOWN isSuspicious=true ip=0:0:0:0:0:0:0:1 eventType=LOGIN_ATTEMPT userId=48
CEF:0|YourCompany|modul26|1.0|1001|LOGIN_ATTEMPT|8|biometry=false country=UNKNOWN device_info=PostmanRuntime/7.37.3 city=UNKNOWN isSuspicious=true ip=0:0:0:0:0:0:0:1 eventType=LOGIN_ATTEMPT userId=49
CEF:0|YourCompany|modul26|1.0|1001|LOGIN_ATTEMPT|8|biometry=false country=UNKNOWN device_info=PostmanRuntime/7.37.3 city=UNKNOWN isSuspicious=true ip=0:0:0:0:0:0:0:1 eventType=LOGIN_ATTEMPT userId=49
CEF:0|YourCompany|modul26|1.0|1001|LOGIN_ATTEMPT|8|biometry=false country=UNKNOWN device_info=PostmanRuntime/7.37.3 city=UNKNOWN isSuspicious=true ip=0:0:0:0:0:0:0:1 eventType=LOGIN_ATTEMPT userId=49
CEF:0|YourCompany|modul26|1.0|1001|LOGIN_ATTEMPT|8|biometry=false country=UNKNOWN device_info=PostmanRuntime/7.37.3 city=UNKNOWN isSuspicious=true ip=0:0:0:0:0:0:0:1 eventType=LOGIN_ATTEMPT userId=49
CEF:0|YourCompany|modul26|1.0|1001|LOGIN_ATTEMPT|8|biometry=false country=UNKNOWN device_info=PostmanRuntime/7.37.3 city=UNKNOWN isSuspicious=true ip=0:0:0:0:0:0:0:1 eventType=LOGIN_ATTEMPT userId=50
CEF:0|YourCompany|modul26|1.0|1001|LOGIN_ATTEMPT|8|biometry=false country=UNKNOWN device_info=PostmanRuntime/7.37.3 city=UNKNOWN isSuspicious=true ip=0:0:0:0:0:0:0:1 eventType=LOGIN_ATTEMPT userId=50
CEF:0|YourCompany|modul26|1.0|1001|LOGIN_ATTEMPT|8|biometry=false country=UNKNOWN device_info=PostmanRuntime/7.37.3 city=UNKNOWN isSuspicious=true ip=0:0:0:0:0:0:0:1 eventType=LOGIN_ATTEMPT userId=50
CEF:0|YourCompany|modul26|1.0|1001|LOGIN_ATTEMPT|8|biometry=false country=UNKNOWN device_info=PostmanRuntime/7.37.3 city=UNKNOWN isSuspicious=true ip=0:0:0:0:0:0:0:1 eventType=LOGIN_ATTEMPT userId=51
CEF:0|YourCompany|modul26|1.0|1001|LOGIN_ATTEMPT|8|biometry=false country=UNKNOWN device_info=PostmanRuntime/7.37.3 city=UNKNOWN isSuspicious=true ip=0:0:0:0:0:0:0:1 eventType=LOGIN_ATTEMPT userId=51
CEF:0|YourCompany|modul26|1.0|1001|LOGIN_ATTEMPT|8|biometry=false country=UNKNOWN device_info=PostmanRuntime/7.37.3 city=UNKNOWN isSuspicious=true ip=0:0:0:0:0:0:0:1 eventType=LOGIN_ATTEMPT userId=51
CEF:0|YourCompany|modul26|1.0|1001|LOGIN_ATTEMPT|8|biometry=false country=UNKNOWN device_info=PostmanRuntime/7.37.3 city=UNKNOWN isSuspicious=true ip=0:0:0:0:0:0:0:1 eventType=LOGIN_ATTEMPT userId=51
CEF:0|YourCompany|modul26|1.0|1001|LOGIN_ATTEMPT|8|biometry=false country=UNKNOWN device_info=PostmanRuntime/7.37.3 city=UNKNOWN isSuspicious=true ip=0:0:0:0:0:0:0:1 eventType=LOGIN_ATTEMPT userId=51
CEF:0|YourCompany|modul26|1.0|1001|LOGIN_ATTEMPT|8|biometry=false country=UNKNOWN device_info=PostmanRuntime/7.37.3 city=UNKNOWN isSuspicious=true ip=0:0:0:0:0:0:0:1 eventType=LOGIN_ATTEMPT userId=51
CEF:0|YourCompany|modul26|1.0|1001|PASSWORD_CHANGE|8|country=UNKNOWN device_info=PostmanRuntime/7.37.3 city=UNKNOWN isSuspicious=true ip=0:0:0:0:0:0:0:1 eventType=PASSWORD_CHANGE userId=51
CEF:0|YourCompany|modul26|1.0|1001|LOGIN_ATTEMPT|8|biometry=false country=UNKNOWN device_info=PostmanRuntime/7.37.3 city=UNKNOWN isSuspicious=true ip=0:0:0:0:0:0:0:1 eventType=LOGIN_ATTEMPT userId=51
CEF:0|YourCompany|modul26|1.0|1001|LOGIN_ATTEMPT|8|biometry=false country=UNKNOWN device_info=PostmanRuntime/7.37.3 city=UNKNOWN isSuspicious=true ip=0:0:0:0:0:0:0:1 eventType=LOGIN_ATTEMPT userId=52
CEF:0|YourCompany|modul26|1.0|1001|LOGIN_ATTEMPT|8|biometry=false country=UNKNOWN device_info=PostmanRuntime/7.37.3 city=UNKNOWN isSuspicious=true ip=0:0:0:0:0:0:0:1 eventType=LOGIN_ATTEMPT userId=53
CEF:0|YourCompany|modul26|1.0|1001|LOGIN_ATTEMPT|8|biometry=false country=UNKNOWN device_info=PostmanRuntime/7.37.3 city=UNKNOWN isSuspicious=true ip=0:0:0:0:0:0:0:1 eventType=LOGIN_ATTEMPT userId=53
CEF:0|YourCompany|modul26|1.0|1001|LOGIN_ATTEMPT|8|biometry=false country=UNKNOWN device_info=PostmanRuntime/7.37.3 city=UNKNOWN isSuspicious=true ip=0:0:0:0:0:0:0:1 eventType=LOGIN_ATTEMPT userId=53
CEF:0|YourCompany|modul26|1.0|1001|LOGIN_ATTEMPT|8|biometry=false country=UNKNOWN device_info=PostmanRuntime/7.37.3 city=UNKNOWN isSuspicious=true ip=0:0:0:0:0:0:0:1 eventType=LOGIN_ATTEMPT userId=53
CEF:0|YourCompany|modul26|1.0|1001|LOGIN_ATTEMPT|8|biometry=false country=UNKNOWN device_info=PostmanRuntime/7.37.3 city=UNKNOWN isSuspicious=true ip=0:0:0:0:0:0:0:1 eventType=LOGIN_ATTEMPT userId=53
CEF:0|YourCompany|modul26|1.0|1001|LOGIN_ATTEMPT|8|biometry=false country=UNKNOWN device_info=PostmanRuntime/7.37.3 city=UNKNOWN isSuspicious=true ip=0:0:0:0:0:0:0:1 eventType=LOGIN_ATTEMPT userId=54
CEF:0|YourCompany|modul26|1.0|1001|LOGIN_ATTEMPT|8|biometry=false country=UNKNOWN device_info=PostmanRuntime/7.37.3 city=UNKNOWN isSuspicious=true ip=0:0:0:0:0:0:0:1 eventType=LOGIN_ATTEMPT userId=55
CEF:0|YourCompany|modul26|1.0|1001|LOGIN_ATTEMPT|8|biometry=false country=UNKNOWN device_info=PostmanRuntime/7.37.3 city=UNKNOWN isSuspicious=true ip=0:0:0:0:0:0:0:1 eventType=LOGIN_ATTEMPT userId=54
CEF:0|YourCompany|modul26|1.0|1001|LOGIN_ATTEMPT|8|biometry=false country=UNKNOWN device_info=PostmanRuntime/7.37.3 city=UNKNOWN isSuspicious=true ip=0:0:0:0:0:0:0:1 eventType=LOGIN_ATTEMPT userId=56
CEF:0|YourCompany|modul26|1.0|1001|LOGOT|8|country=gaSer device_info=iPhone121,3 iOS/17.4 city=vl4a isSuspicious=true ip=127.0**.***.2 eventType=LOGOT userId=56
CEF:0|YourCompany|modul26|1.0|1001|LOGOT|8|country=gaSer device_info=iPhone12,3 iOS/17.4 city=vl4a isSuspicious=true ip=127.0**.***.2 eventType=LOGOT userId=56
CEF:0|YourCompany|modul26|1.0|1001|LOGOT|8|country=gaSer device_info=iPhone12,3 iOS/17.4 city=vl4a isSuspicious=true ip=127.0**.***.3 eventType=LOGOT userId=56
CEF:0|YourCompany|modul26|1.0|1001|LOGOT|8|country=g2aSer device_info=iPhone12,3 iOS/17.4 city=vl4a isSuspicious=true ip=127.0**.***.3 eventType=LOGOT userId=56
CEF:0|YourCompany|modul26|1.0|1001|LOGOT|8|country=g2aSer device_info=iPh1one12,3 iOS/17.4 city=vl4a isSuspicious=true ip=127.0**.***.3 eventType=LOGOT userId=56
CEF:0|YourCompany|modul26|1.0|1001|LOGIN_ATTEMPT|8|biometry=false country=UNKNOWN device_info=PostmanRuntime/7.37.3 city=UNKNOWN isSuspicious=true ip=0:0:0:0:0:0:0:1 eventType=LOGIN_ATTEMPT userId=57
CEF:0|YourCompany|modul26|1.0|1001|LOGOT|8|country=g2aSer device_info=iPhone12,3 iOS/17.4 city=vl4a isSuspicious=true ip=127.0**.***.3 eventType=LOGOT userId=57
CEF:0|YourCompany|modul26|1.0|1001|LOGOT|8|country=g21aSer device_info=iPhone12,3 iOS/17.4 city=vl4a isSuspicious=true ip=127.0**.***.3 eventType=LOGOT userId=57
CEF:0|YourCompany|modul26|1.0|1001|LOGOT|8|country=UKR device_info=iPhone12,3 iOS/17.4 city=vl4a isSuspicious=true ip=127.0**.***.3 eventType=LOGOT userId=57
CEF:0|YourCompany|modul26|1.0|1001|LOGOT|8|country=UKR device_info=iPhone12,3 iOS/17.4 city=vl4a isSuspicious=true ip=127.0**.***.3 eventType=LOGOT userId=57
CEF:0|YourCompany|modul26|1.0|1001|LOGOT|8|country=UKR device_info=iPhone12,3 iOS/17.4 city=vl4a isSuspicious=true ip=127.0**.***.3 eventType=LOGOT userId=57
CEF:0|YourCompany|modul26|1.0|1001|LOGOT|8|country=ssss device_info=iPhone12,3 iOS/17.4 city=vl4a isSuspicious=true ip=127.0**.***.1 eventType=LOGOT userId=57
CEF:0|YourCompany|modul26|1.0|1001|LOGIN_ATTEMPT|8|biometry=false country=UNKNOWN device_info=PostmanRuntime/7.37.3 city=UNKNOWN isSuspicious=true ip=0:0:0:0:0:0:0:1 eventType=LOGIN_ATTEMPT userId=57
CEF:0|YourCompany|modul26|1.0|1001|LOGIN_ATTEMPT|8|biometry=false country=UNKNOWN device_info=PostmanRuntime/7.37.3 city=UNKNOWN isSuspicious=true ip=0:0:0:0:0:0:0:1 eventType=LOGIN_ATTEMPT userId=57
CEF:0|YourCompany|modul26|1.0|1001|LOGIN_ATTEMPT|8|biometry=false country=UNKNOWN device_info=PostmanRuntime/7.37.3 city=UNKNOWN isSuspicious=true ip=0:0:0:0:0:0:0:1 eventType=LOGIN_ATTEMPT userId=58
CEF:0|YourCompany|modul26|1.0|1001|LOGIN_ATTEMPT|8|biometry=false country=UNKNOWN device_info=PostmanRuntime/7.37.3 city=UNKNOWN isSuspicious=true ip=0:0:0:0:0:0:0:1 eventType=LOGIN_ATTEMPT userId=58
